c:\users\t-joshd\source\repos\sputty\windows\vs2012\psftp\release\vc140.pdb
c:\users\t-joshd\source\repos\sputty\windows\vs2012\psftp\release\sshblowf.obj
c:\users\t-joshd\source\repos\sputty\windows\vs2012\psftp\release\ssharcf.obj
c:\users\t-joshd\source\repos\sputty\windows\vs2012\psftp\release\sshaes.obj
c:\users\t-joshd\source\repos\sputty\windows\vs2012\psftp\release\ssh.obj
c:\users\t-joshd\source\repos\sputty\windows\vs2012\psftp\release\sftp.obj
c:\users\t-joshd\source\repos\sputty\windows\vs2012\psftp\release\settings.obj
c:\users\t-joshd\source\repos\sputty\windows\vs2012\psftp\release\psftp.obj
c:\users\t-joshd\source\repos\sputty\windows\vs2012\psftp\release\proxy.obj
c:\users\t-joshd\source\repos\sputty\windows\vs2012\psftp\release\portfwd.obj
c:\users\t-joshd\source\repos\sputty\windows\vs2012\psftp\release\pinger.obj
c:\users\t-joshd\source\repos\sputty\windows\vs2012\psftp\release\pgssapi.obj
c:\users\t-joshd\source\repos\sputty\windows\vs2012\psftp\release\misc.obj
c:\users\t-joshd\source\repos\sputty\windows\vs2012\psftp\release\logging.obj
c:\users\t-joshd\source\repos\sputty\windows\vs2012\psftp\release\int64.obj
c:\users\t-joshd\source\repos\sputty\windows\vs2012\psftp\release\errsock.obj
c:\users\t-joshd\source\repos\sputty\windows\vs2012\psftp\release\cproxy.obj
c:\users\t-joshd\source\repos\sputty\windows\vs2012\psftp\release\conf.obj
c:\users\t-joshd\source\repos\sputty\windows\vs2012\psftp\release\cmdline.obj
c:\users\t-joshd\source\repos\sputty\windows\vs2012\psftp\release\callback.obj
c:\users\t-joshd\source\repos\sputty\windows\vs2012\psftp\release\be_ssh.obj
c:\users\t-joshd\source\repos\sputty\windows\vs2012\psftp\release\wildcard.obj
c:\users\t-joshd\source\repos\sputty\windows\vs2012\psftp\release\version.obj
c:\users\t-joshd\source\repos\sputty\windows\vs2012\psftp\release\tree234.obj
c:\users\t-joshd\source\repos\sputty\windows\vs2012\psftp\release\timing.obj
c:\users\t-joshd\source\repos\sputty\windows\vs2012\psftp\release\sshzlib.obj
c:\users\t-joshd\source\repos\sputty\windows\vs2012\psftp\release\sshshare.obj
c:\users\t-joshd\source\repos\sputty\windows\vs2012\psftp\release\sshsha.obj
c:\users\t-joshd\source\repos\sputty\windows\vs2012\psftp\release\sshsh512.obj
c:\users\t-joshd\source\repos\sputty\windows\vs2012\psftp\release\sshsh256.obj
c:\users\t-joshd\source\repos\sputty\windows\vs2012\psftp\release\sshrsa.obj
c:\users\t-joshd\source\repos\sputty\windows\vs2012\psftp\release\sshrand.obj
c:\users\t-joshd\source\repos\sputty\windows\vs2012\psftp\release\sshpubk.obj
c:\users\t-joshd\source\repos\sputty\windows\vs2012\psftp\release\sshmd5.obj
c:\users\t-joshd\source\repos\sputty\windows\vs2012\psftp\release\sshgssc.obj
c:\users\t-joshd\source\repos\sputty\windows\vs2012\psftp\release\sshdss.obj
c:\users\t-joshd\source\repos\sputty\windows\vs2012\psftp\release\sshdh.obj
c:\users\t-joshd\source\repos\sputty\windows\vs2012\psftp\release\sshdes.obj
c:\users\t-joshd\source\repos\sputty\windows\vs2012\psftp\release\sshcrcda.obj
c:\users\t-joshd\source\repos\sputty\windows\vs2012\psftp\release\sshcrc.obj
c:\users\t-joshd\source\repos\sputty\windows\vs2012\psftp\release\sshbn.obj
c:\users\t-joshd\source\repos\sputty\windows\vs2012\psftp\release\x11fwd.obj
c:\users\t-joshd\source\repos\sputty\windows\vs2012\psftp\release\wintime.obj
c:\users\t-joshd\source\repos\sputty\windows\vs2012\psftp\release\winstore.obj
c:\users\t-joshd\source\repos\sputty\windows\vs2012\psftp\release\winshare.obj
c:\users\t-joshd\source\repos\sputty\windows\vs2012\psftp\release\winsftp.obj
c:\users\t-joshd\source\repos\sputty\windows\vs2012\psftp\release\winsecur.obj
c:\users\t-joshd\source\repos\sputty\windows\vs2012\psftp\release\winproxy.obj
c:\users\t-joshd\source\repos\sputty\windows\vs2012\psftp\release\winpgntc.obj
c:\users\t-joshd\source\repos\sputty\windows\vs2012\psftp\release\winnps.obj
c:\users\t-joshd\source\repos\sputty\windows\vs2012\psftp\release\winnpc.obj
c:\users\t-joshd\source\repos\sputty\windows\vs2012\psftp\release\winnojmp.obj
c:\users\t-joshd\source\repos\sputty\windows\vs2012\psftp\release\winnoise.obj
c:\users\t-joshd\source\repos\sputty\windows\vs2012\psftp\release\winnet.obj
c:\users\t-joshd\source\repos\sputty\windows\vs2012\psftp\release\winmisc.obj
c:\users\t-joshd\source\repos\sputty\windows\vs2012\psftp\release\winhsock.obj
c:\users\t-joshd\source\repos\sputty\windows\vs2012\psftp\release\winhandl.obj
c:\users\t-joshd\source\repos\sputty\windows\vs2012\psftp\release\wingss.obj
c:\users\t-joshd\source\repos\sputty\windows\vs2012\psftp\release\windefs.obj
c:\users\t-joshd\source\repos\sputty\windows\vs2012\psftp\release\wincons.obj
c:\users\t-joshd\source\repos\sputty\windows\vs2012\psftp\release\psftp.exe
c:\users\t-joshd\source\repos\sputty\windows\vs2012\psftp\release\psftp.pdb
c:\users\t-joshd\source\repos\sputty\windows\vs2012\psftp\release\psftp.res
c:\users\joshd\source\repos\sputty\windows\vs2012\psftp\release\be_ssh.obj
c:\users\joshd\source\repos\sputty\windows\vs2012\psftp\release\callback.obj
c:\users\joshd\source\repos\sputty\windows\vs2012\psftp\release\cmdline.obj
c:\users\joshd\source\repos\sputty\windows\vs2012\psftp\release\conf.obj
c:\users\joshd\source\repos\sputty\windows\vs2012\psftp\release\cproxy.obj
c:\users\joshd\source\repos\sputty\windows\vs2012\psftp\release\errsock.obj
c:\users\joshd\source\repos\sputty\windows\vs2012\psftp\release\int64.obj
c:\users\joshd\source\repos\sputty\windows\vs2012\psftp\release\logging.obj
c:\users\joshd\source\repos\sputty\windows\vs2012\psftp\release\misc.obj
c:\users\joshd\source\repos\sputty\windows\vs2012\psftp\release\pgssapi.obj
c:\users\joshd\source\repos\sputty\windows\vs2012\psftp\release\pinger.obj
c:\users\joshd\source\repos\sputty\windows\vs2012\psftp\release\portfwd.obj
c:\users\joshd\source\repos\sputty\windows\vs2012\psftp\release\proxy.obj
c:\users\joshd\source\repos\sputty\windows\vs2012\psftp\release\psftp.obj
c:\users\joshd\source\repos\sputty\windows\vs2012\psftp\release\settings.obj
c:\users\joshd\source\repos\sputty\windows\vs2012\psftp\release\sftp.obj
c:\users\joshd\source\repos\sputty\windows\vs2012\psftp\release\ssh.obj
c:\users\joshd\source\repos\sputty\windows\vs2012\psftp\release\sshaes.obj
c:\users\joshd\source\repos\sputty\windows\vs2012\psftp\release\ssharcf.obj
c:\users\joshd\source\repos\sputty\windows\vs2012\psftp\release\sshblowf.obj
c:\users\joshd\source\repos\sputty\windows\vs2012\psftp\release\sshbn.obj
c:\users\joshd\source\repos\sputty\windows\vs2012\psftp\release\sshcrc.obj
c:\users\joshd\source\repos\sputty\windows\vs2012\psftp\release\sshcrcda.obj
c:\users\joshd\source\repos\sputty\windows\vs2012\psftp\release\sshdes.obj
c:\users\joshd\source\repos\sputty\windows\vs2012\psftp\release\sshdh.obj
c:\users\joshd\source\repos\sputty\windows\vs2012\psftp\release\sshdss.obj
c:\users\joshd\source\repos\sputty\windows\vs2012\psftp\release\sshgssc.obj
c:\users\joshd\source\repos\sputty\windows\vs2012\psftp\release\sshmd5.obj
c:\users\joshd\source\repos\sputty\windows\vs2012\psftp\release\sshpubk.obj
c:\users\joshd\source\repos\sputty\windows\vs2012\psftp\release\sshrand.obj
c:\users\joshd\source\repos\sputty\windows\vs2012\psftp\release\sshrsa.obj
c:\users\joshd\source\repos\sputty\windows\vs2012\psftp\release\sshsh256.obj
c:\users\joshd\source\repos\sputty\windows\vs2012\psftp\release\sshsh512.obj
c:\users\joshd\source\repos\sputty\windows\vs2012\psftp\release\sshsha.obj
c:\users\joshd\source\repos\sputty\windows\vs2012\psftp\release\sshshare.obj
c:\users\joshd\source\repos\sputty\windows\vs2012\psftp\release\sshzlib.obj
c:\users\joshd\source\repos\sputty\windows\vs2012\psftp\release\timing.obj
c:\users\joshd\source\repos\sputty\windows\vs2012\psftp\release\tree234.obj
c:\users\joshd\source\repos\sputty\windows\vs2012\psftp\release\version.obj
c:\users\joshd\source\repos\sputty\windows\vs2012\psftp\release\wildcard.obj
c:\users\joshd\source\repos\sputty\windows\vs2012\psftp\release\wincons.obj
c:\users\joshd\source\repos\sputty\windows\vs2012\psftp\release\windefs.obj
c:\users\joshd\source\repos\sputty\windows\vs2012\psftp\release\wingss.obj
c:\users\joshd\source\repos\sputty\windows\vs2012\psftp\release\winhandl.obj
c:\users\joshd\source\repos\sputty\windows\vs2012\psftp\release\winhsock.obj
c:\users\joshd\source\repos\sputty\windows\vs2012\psftp\release\winmisc.obj
c:\users\joshd\source\repos\sputty\windows\vs2012\psftp\release\winnet.obj
c:\users\joshd\source\repos\sputty\windows\vs2012\psftp\release\winnoise.obj
c:\users\joshd\source\repos\sputty\windows\vs2012\psftp\release\winnojmp.obj
c:\users\joshd\source\repos\sputty\windows\vs2012\psftp\release\winnpc.obj
c:\users\joshd\source\repos\sputty\windows\vs2012\psftp\release\winnps.obj
c:\users\joshd\source\repos\sputty\windows\vs2012\psftp\release\winpgntc.obj
c:\users\joshd\source\repos\sputty\windows\vs2012\psftp\release\winproxy.obj
c:\users\joshd\source\repos\sputty\windows\vs2012\psftp\release\winsecur.obj
c:\users\joshd\source\repos\sputty\windows\vs2012\psftp\release\winsftp.obj
c:\users\joshd\source\repos\sputty\windows\vs2012\psftp\release\winshare.obj
c:\users\joshd\source\repos\sputty\windows\vs2012\psftp\release\winstore.obj
c:\users\joshd\source\repos\sputty\windows\vs2012\psftp\release\wintime.obj
c:\users\joshd\source\repos\sputty\windows\vs2012\psftp\release\x11fwd.obj
c:\users\joshd\source\repos\sputty\windows\vs2012\psftp\release\psftp.res
c:\users\joshd\source\repos\sputty\windows\vs2012\psftp\release\psftp.pdb
c:\users\joshd\source\repos\sputty\windows\vs2012\psftp\release\vc140.pdb
c:\users\joshd\source\repos\sputty\windows\vs2012\psftp\.\release\psftp.exe
c:\users\joshd\source\repos\sputty\windows\vs2012\psftp\release\psftp.tlog\cl.command.1.tlog
c:\users\joshd\source\repos\sputty\windows\vs2012\psftp\release\psftp.tlog\cl.read.1.tlog
c:\users\joshd\source\repos\sputty\windows\vs2012\psftp\release\psftp.tlog\cl.write.1.tlog
c:\users\joshd\source\repos\sputty\windows\vs2012\psftp\release\psftp.tlog\link.command.1.tlog
c:\users\joshd\source\repos\sputty\windows\vs2012\psftp\release\psftp.tlog\link.read.1.tlog
c:\users\joshd\source\repos\sputty\windows\vs2012\psftp\release\psftp.tlog\link.write.1.tlog
c:\users\joshd\source\repos\sputty\windows\vs2012\psftp\release\psftp.tlog\rc.command.1.tlog
c:\users\joshd\source\repos\sputty\windows\vs2012\psftp\release\psftp.tlog\rc.read.1.tlog
c:\users\joshd\source\repos\sputty\windows\vs2012\psftp\release\psftp.tlog\rc.write.1.tlog
