c:\users\t-joshd\source\repos\sputty\windows\vs2012\plink\release\vc140.pdb
c:\users\t-joshd\source\repos\sputty\windows\vs2012\plink\release\ssharcf.obj
c:\users\t-joshd\source\repos\sputty\windows\vs2012\plink\release\sshaes.obj
c:\users\t-joshd\source\repos\sputty\windows\vs2012\plink\release\ssh.obj
c:\users\t-joshd\source\repos\sputty\windows\vs2012\plink\release\settings.obj
c:\users\t-joshd\source\repos\sputty\windows\vs2012\plink\release\rlogin.obj
c:\users\t-joshd\source\repos\sputty\windows\vs2012\plink\release\raw.obj
c:\users\t-joshd\source\repos\sputty\windows\vs2012\plink\release\proxy.obj
c:\users\t-joshd\source\repos\sputty\windows\vs2012\plink\release\portfwd.obj
c:\users\t-joshd\source\repos\sputty\windows\vs2012\plink\release\pinger.obj
c:\users\t-joshd\source\repos\sputty\windows\vs2012\plink\release\pgssapi.obj
c:\users\t-joshd\source\repos\sputty\windows\vs2012\plink\release\noterm.obj
c:\users\t-joshd\source\repos\sputty\windows\vs2012\plink\release\misc.obj
c:\users\t-joshd\source\repos\sputty\windows\vs2012\plink\release\logging.obj
c:\users\t-joshd\source\repos\sputty\windows\vs2012\plink\release\ldisc.obj
c:\users\t-joshd\source\repos\sputty\windows\vs2012\plink\release\errsock.obj
c:\users\t-joshd\source\repos\sputty\windows\vs2012\plink\release\cproxy.obj
c:\users\t-joshd\source\repos\sputty\windows\vs2012\plink\release\conf.obj
c:\users\t-joshd\source\repos\sputty\windows\vs2012\plink\release\cmdline.obj
c:\users\t-joshd\source\repos\sputty\windows\vs2012\plink\release\callback.obj
c:\users\t-joshd\source\repos\sputty\windows\vs2012\plink\release\be_all_s.obj
c:\users\t-joshd\source\repos\sputty\windows\vs2012\plink\release\timing.obj
c:\users\t-joshd\source\repos\sputty\windows\vs2012\plink\release\telnet.obj
c:\users\t-joshd\source\repos\sputty\windows\vs2012\plink\release\supdup.obj
c:\users\t-joshd\source\repos\sputty\windows\vs2012\plink\release\sshzlib.obj
c:\users\t-joshd\source\repos\sputty\windows\vs2012\plink\release\sshshare.obj
c:\users\t-joshd\source\repos\sputty\windows\vs2012\plink\release\sshsha.obj
c:\users\t-joshd\source\repos\sputty\windows\vs2012\plink\release\sshsh512.obj
c:\users\t-joshd\source\repos\sputty\windows\vs2012\plink\release\sshsh256.obj
c:\users\t-joshd\source\repos\sputty\windows\vs2012\plink\release\sshrsa.obj
c:\users\t-joshd\source\repos\sputty\windows\vs2012\plink\release\sshrand.obj
c:\users\t-joshd\source\repos\sputty\windows\vs2012\plink\release\sshpubk.obj
c:\users\t-joshd\source\repos\sputty\windows\vs2012\plink\release\sshmd5.obj
c:\users\t-joshd\source\repos\sputty\windows\vs2012\plink\release\sshgssc.obj
c:\users\t-joshd\source\repos\sputty\windows\vs2012\plink\release\sshdss.obj
c:\users\t-joshd\source\repos\sputty\windows\vs2012\plink\release\sshdh.obj
c:\users\t-joshd\source\repos\sputty\windows\vs2012\plink\release\sshdes.obj
c:\users\t-joshd\source\repos\sputty\windows\vs2012\plink\release\sshcrcda.obj
c:\users\t-joshd\source\repos\sputty\windows\vs2012\plink\release\sshcrc.obj
c:\users\t-joshd\source\repos\sputty\windows\vs2012\plink\release\sshbn.obj
c:\users\t-joshd\source\repos\sputty\windows\vs2012\plink\release\sshblowf.obj
c:\users\t-joshd\source\repos\sputty\windows\vs2012\plink\release\winshare.obj
c:\users\t-joshd\source\repos\sputty\windows\vs2012\plink\release\winser.obj
c:\users\t-joshd\source\repos\sputty\windows\vs2012\plink\release\winsecur.obj
c:\users\t-joshd\source\repos\sputty\windows\vs2012\plink\release\winproxy.obj
c:\users\t-joshd\source\repos\sputty\windows\vs2012\plink\release\winplink.obj
c:\users\t-joshd\source\repos\sputty\windows\vs2012\plink\release\winpgntc.obj
c:\users\t-joshd\source\repos\sputty\windows\vs2012\plink\release\winnps.obj
c:\users\t-joshd\source\repos\sputty\windows\vs2012\plink\release\winnpc.obj
c:\users\t-joshd\source\repos\sputty\windows\vs2012\plink\release\winnojmp.obj
c:\users\t-joshd\source\repos\sputty\windows\vs2012\plink\release\winnoise.obj
c:\users\t-joshd\source\repos\sputty\windows\vs2012\plink\release\winnet.obj
c:\users\t-joshd\source\repos\sputty\windows\vs2012\plink\release\winmisc.obj
c:\users\t-joshd\source\repos\sputty\windows\vs2012\plink\release\winhsock.obj
c:\users\t-joshd\source\repos\sputty\windows\vs2012\plink\release\winhandl.obj
c:\users\t-joshd\source\repos\sputty\windows\vs2012\plink\release\wingss.obj
c:\users\t-joshd\source\repos\sputty\windows\vs2012\plink\release\windefs.obj
c:\users\t-joshd\source\repos\sputty\windows\vs2012\plink\release\wincons.obj
c:\users\t-joshd\source\repos\sputty\windows\vs2012\plink\release\wildcard.obj
c:\users\t-joshd\source\repos\sputty\windows\vs2012\plink\release\version.obj
c:\users\t-joshd\source\repos\sputty\windows\vs2012\plink\release\tree234.obj
c:\users\t-joshd\source\repos\sputty\windows\vs2012\plink\release\x11fwd.obj
c:\users\t-joshd\source\repos\sputty\windows\vs2012\plink\release\winx11.obj
c:\users\t-joshd\source\repos\sputty\windows\vs2012\plink\release\wintime.obj
c:\users\t-joshd\source\repos\sputty\windows\vs2012\plink\release\winstore.obj
c:\users\t-joshd\source\repos\sputty\windows\vs2012\plink\release\plink.exe
c:\users\t-joshd\source\repos\sputty\windows\vs2012\plink\release\plink.pdb
c:\users\t-joshd\source\repos\sputty\windows\vs2012\plink\release\plink.res
c:\users\joshd\source\repos\sputty\windows\vs2012\plink\release\be_all_s.obj
c:\users\joshd\source\repos\sputty\windows\vs2012\plink\release\callback.obj
c:\users\joshd\source\repos\sputty\windows\vs2012\plink\release\cmdline.obj
c:\users\joshd\source\repos\sputty\windows\vs2012\plink\release\conf.obj
c:\users\joshd\source\repos\sputty\windows\vs2012\plink\release\cproxy.obj
c:\users\joshd\source\repos\sputty\windows\vs2012\plink\release\errsock.obj
c:\users\joshd\source\repos\sputty\windows\vs2012\plink\release\ldisc.obj
c:\users\joshd\source\repos\sputty\windows\vs2012\plink\release\logging.obj
c:\users\joshd\source\repos\sputty\windows\vs2012\plink\release\misc.obj
c:\users\joshd\source\repos\sputty\windows\vs2012\plink\release\noterm.obj
c:\users\joshd\source\repos\sputty\windows\vs2012\plink\release\pgssapi.obj
c:\users\joshd\source\repos\sputty\windows\vs2012\plink\release\pinger.obj
c:\users\joshd\source\repos\sputty\windows\vs2012\plink\release\portfwd.obj
c:\users\joshd\source\repos\sputty\windows\vs2012\plink\release\proxy.obj
c:\users\joshd\source\repos\sputty\windows\vs2012\plink\release\raw.obj
c:\users\joshd\source\repos\sputty\windows\vs2012\plink\release\rlogin.obj
c:\users\joshd\source\repos\sputty\windows\vs2012\plink\release\settings.obj
c:\users\joshd\source\repos\sputty\windows\vs2012\plink\release\ssh.obj
c:\users\joshd\source\repos\sputty\windows\vs2012\plink\release\sshaes.obj
c:\users\joshd\source\repos\sputty\windows\vs2012\plink\release\ssharcf.obj
c:\users\joshd\source\repos\sputty\windows\vs2012\plink\release\sshblowf.obj
c:\users\joshd\source\repos\sputty\windows\vs2012\plink\release\sshbn.obj
c:\users\joshd\source\repos\sputty\windows\vs2012\plink\release\sshcrc.obj
c:\users\joshd\source\repos\sputty\windows\vs2012\plink\release\sshcrcda.obj
c:\users\joshd\source\repos\sputty\windows\vs2012\plink\release\sshdes.obj
c:\users\joshd\source\repos\sputty\windows\vs2012\plink\release\sshdh.obj
c:\users\joshd\source\repos\sputty\windows\vs2012\plink\release\sshdss.obj
c:\users\joshd\source\repos\sputty\windows\vs2012\plink\release\sshgssc.obj
c:\users\joshd\source\repos\sputty\windows\vs2012\plink\release\sshmd5.obj
c:\users\joshd\source\repos\sputty\windows\vs2012\plink\release\sshpubk.obj
c:\users\joshd\source\repos\sputty\windows\vs2012\plink\release\sshrand.obj
c:\users\joshd\source\repos\sputty\windows\vs2012\plink\release\sshrsa.obj
c:\users\joshd\source\repos\sputty\windows\vs2012\plink\release\sshsh256.obj
c:\users\joshd\source\repos\sputty\windows\vs2012\plink\release\sshsh512.obj
c:\users\joshd\source\repos\sputty\windows\vs2012\plink\release\sshsha.obj
c:\users\joshd\source\repos\sputty\windows\vs2012\plink\release\sshshare.obj
c:\users\joshd\source\repos\sputty\windows\vs2012\plink\release\sshzlib.obj
c:\users\joshd\source\repos\sputty\windows\vs2012\plink\release\supdup.obj
c:\users\joshd\source\repos\sputty\windows\vs2012\plink\release\telnet.obj
c:\users\joshd\source\repos\sputty\windows\vs2012\plink\release\timing.obj
c:\users\joshd\source\repos\sputty\windows\vs2012\plink\release\tree234.obj
c:\users\joshd\source\repos\sputty\windows\vs2012\plink\release\version.obj
c:\users\joshd\source\repos\sputty\windows\vs2012\plink\release\wildcard.obj
c:\users\joshd\source\repos\sputty\windows\vs2012\plink\release\wincons.obj
c:\users\joshd\source\repos\sputty\windows\vs2012\plink\release\windefs.obj
c:\users\joshd\source\repos\sputty\windows\vs2012\plink\release\wingss.obj
c:\users\joshd\source\repos\sputty\windows\vs2012\plink\release\winhandl.obj
c:\users\joshd\source\repos\sputty\windows\vs2012\plink\release\winhsock.obj
c:\users\joshd\source\repos\sputty\windows\vs2012\plink\release\winmisc.obj
c:\users\joshd\source\repos\sputty\windows\vs2012\plink\release\winnet.obj
c:\users\joshd\source\repos\sputty\windows\vs2012\plink\release\winnoise.obj
c:\users\joshd\source\repos\sputty\windows\vs2012\plink\release\winnojmp.obj
c:\users\joshd\source\repos\sputty\windows\vs2012\plink\release\winnpc.obj
c:\users\joshd\source\repos\sputty\windows\vs2012\plink\release\winnps.obj
c:\users\joshd\source\repos\sputty\windows\vs2012\plink\release\winpgntc.obj
c:\users\joshd\source\repos\sputty\windows\vs2012\plink\release\winplink.obj
c:\users\joshd\source\repos\sputty\windows\vs2012\plink\release\winproxy.obj
c:\users\joshd\source\repos\sputty\windows\vs2012\plink\release\winsecur.obj
c:\users\joshd\source\repos\sputty\windows\vs2012\plink\release\winser.obj
c:\users\joshd\source\repos\sputty\windows\vs2012\plink\release\winshare.obj
c:\users\joshd\source\repos\sputty\windows\vs2012\plink\release\winstore.obj
c:\users\joshd\source\repos\sputty\windows\vs2012\plink\release\wintime.obj
c:\users\joshd\source\repos\sputty\windows\vs2012\plink\release\winx11.obj
c:\users\joshd\source\repos\sputty\windows\vs2012\plink\release\x11fwd.obj
c:\users\joshd\source\repos\sputty\windows\vs2012\plink\release\plink.res
c:\users\joshd\source\repos\sputty\windows\vs2012\plink\release\plink.pdb
c:\users\joshd\source\repos\sputty\windows\vs2012\plink\release\vc140.pdb
c:\users\joshd\source\repos\sputty\windows\vs2012\plink\.\release\plink.exe
c:\users\joshd\source\repos\sputty\windows\vs2012\plink\release\plink.tlog\cl.command.1.tlog
c:\users\joshd\source\repos\sputty\windows\vs2012\plink\release\plink.tlog\cl.read.1.tlog
c:\users\joshd\source\repos\sputty\windows\vs2012\plink\release\plink.tlog\cl.write.1.tlog
c:\users\joshd\source\repos\sputty\windows\vs2012\plink\release\plink.tlog\link.command.1.tlog
c:\users\joshd\source\repos\sputty\windows\vs2012\plink\release\plink.tlog\link.read.1.tlog
c:\users\joshd\source\repos\sputty\windows\vs2012\plink\release\plink.tlog\link.write.1.tlog
c:\users\joshd\source\repos\sputty\windows\vs2012\plink\release\plink.tlog\rc.command.1.tlog
c:\users\joshd\source\repos\sputty\windows\vs2012\plink\release\plink.tlog\rc.read.1.tlog
c:\users\joshd\source\repos\sputty\windows\vs2012\plink\release\plink.tlog\rc.write.1.tlog
