c:\users\t-joshd\source\repos\sputty\windows\vs2012\psftp\debug\vc140.pdb
c:\users\t-joshd\source\repos\sputty\windows\vs2012\psftp\debug\vc140.idb
c:\users\t-joshd\source\repos\sputty\windows\vs2012\psftp\debug\wildcard.obj
c:\users\t-joshd\source\repos\sputty\windows\vs2012\psftp\debug\wincons.obj
c:\users\t-joshd\source\repos\sputty\windows\vs2012\psftp\debug\windefs.obj
c:\users\t-joshd\source\repos\sputty\windows\vs2012\psftp\debug\wingss.obj
c:\users\t-joshd\source\repos\sputty\windows\vs2012\psftp\debug\winhandl.obj
c:\users\t-joshd\source\repos\sputty\windows\vs2012\psftp\debug\winhsock.obj
c:\users\t-joshd\source\repos\sputty\windows\vs2012\psftp\debug\winmisc.obj
c:\users\t-joshd\source\repos\sputty\windows\vs2012\psftp\debug\winnet.obj
c:\users\t-joshd\source\repos\sputty\windows\vs2012\psftp\debug\winnoise.obj
c:\users\t-joshd\source\repos\sputty\windows\vs2012\psftp\debug\winnojmp.obj
c:\users\t-joshd\source\repos\sputty\windows\vs2012\psftp\debug\winnpc.obj
c:\users\t-joshd\source\repos\sputty\windows\vs2012\psftp\debug\winnps.obj
c:\users\t-joshd\source\repos\sputty\windows\vs2012\psftp\debug\winpgntc.obj
c:\users\t-joshd\source\repos\sputty\windows\vs2012\psftp\debug\winproxy.obj
c:\users\t-joshd\source\repos\sputty\windows\vs2012\psftp\debug\winsecur.obj
c:\users\t-joshd\source\repos\sputty\windows\vs2012\psftp\debug\winsftp.obj
c:\users\t-joshd\source\repos\sputty\windows\vs2012\psftp\debug\winshare.obj
c:\users\t-joshd\source\repos\sputty\windows\vs2012\psftp\debug\winstore.obj
c:\users\t-joshd\source\repos\sputty\windows\vs2012\psftp\debug\wintime.obj
c:\users\t-joshd\source\repos\sputty\windows\vs2012\psftp\debug\x11fwd.obj
c:\users\t-joshd\source\repos\sputty\windows\vs2012\psftp\debug\sshblowf.obj
c:\users\t-joshd\source\repos\sputty\windows\vs2012\psftp\debug\sshbn.obj
c:\users\t-joshd\source\repos\sputty\windows\vs2012\psftp\debug\sshcrc.obj
c:\users\t-joshd\source\repos\sputty\windows\vs2012\psftp\debug\sshcrcda.obj
c:\users\t-joshd\source\repos\sputty\windows\vs2012\psftp\debug\sshdes.obj
c:\users\t-joshd\source\repos\sputty\windows\vs2012\psftp\debug\sshdh.obj
c:\users\t-joshd\source\repos\sputty\windows\vs2012\psftp\debug\sshdss.obj
c:\users\t-joshd\source\repos\sputty\windows\vs2012\psftp\debug\sshgssc.obj
c:\users\t-joshd\source\repos\sputty\windows\vs2012\psftp\debug\sshmd5.obj
c:\users\t-joshd\source\repos\sputty\windows\vs2012\psftp\debug\sshpubk.obj
c:\users\t-joshd\source\repos\sputty\windows\vs2012\psftp\debug\sshrand.obj
c:\users\t-joshd\source\repos\sputty\windows\vs2012\psftp\debug\sshrsa.obj
c:\users\t-joshd\source\repos\sputty\windows\vs2012\psftp\debug\sshsh256.obj
c:\users\t-joshd\source\repos\sputty\windows\vs2012\psftp\debug\sshsh512.obj
c:\users\t-joshd\source\repos\sputty\windows\vs2012\psftp\debug\sshsha.obj
c:\users\t-joshd\source\repos\sputty\windows\vs2012\psftp\debug\sshshare.obj
c:\users\t-joshd\source\repos\sputty\windows\vs2012\psftp\debug\sshzlib.obj
c:\users\t-joshd\source\repos\sputty\windows\vs2012\psftp\debug\timing.obj
c:\users\t-joshd\source\repos\sputty\windows\vs2012\psftp\debug\tree234.obj
c:\users\t-joshd\source\repos\sputty\windows\vs2012\psftp\debug\version.obj
c:\users\t-joshd\source\repos\sputty\windows\vs2012\psftp\debug\be_ssh.obj
c:\users\t-joshd\source\repos\sputty\windows\vs2012\psftp\debug\callback.obj
c:\users\t-joshd\source\repos\sputty\windows\vs2012\psftp\debug\cmdline.obj
c:\users\t-joshd\source\repos\sputty\windows\vs2012\psftp\debug\conf.obj
c:\users\t-joshd\source\repos\sputty\windows\vs2012\psftp\debug\cproxy.obj
c:\users\t-joshd\source\repos\sputty\windows\vs2012\psftp\debug\errsock.obj
c:\users\t-joshd\source\repos\sputty\windows\vs2012\psftp\debug\int64.obj
c:\users\t-joshd\source\repos\sputty\windows\vs2012\psftp\debug\logging.obj
c:\users\t-joshd\source\repos\sputty\windows\vs2012\psftp\debug\misc.obj
c:\users\t-joshd\source\repos\sputty\windows\vs2012\psftp\debug\pgssapi.obj
c:\users\t-joshd\source\repos\sputty\windows\vs2012\psftp\debug\pinger.obj
c:\users\t-joshd\source\repos\sputty\windows\vs2012\psftp\debug\portfwd.obj
c:\users\t-joshd\source\repos\sputty\windows\vs2012\psftp\debug\proxy.obj
c:\users\t-joshd\source\repos\sputty\windows\vs2012\psftp\debug\psftp.obj
c:\users\t-joshd\source\repos\sputty\windows\vs2012\psftp\debug\settings.obj
c:\users\t-joshd\source\repos\sputty\windows\vs2012\psftp\debug\sftp.obj
c:\users\t-joshd\source\repos\sputty\windows\vs2012\psftp\debug\ssh.obj
c:\users\t-joshd\source\repos\sputty\windows\vs2012\psftp\debug\sshaes.obj
c:\users\t-joshd\source\repos\sputty\windows\vs2012\psftp\debug\ssharcf.obj
c:\users\t-joshd\source\repos\sputty\windows\vs2012\psftp\debug\psftp.ilk
c:\users\t-joshd\source\repos\sputty\windows\vs2012\psftp\debug\psftp.exe
c:\users\t-joshd\source\repos\sputty\windows\vs2012\psftp\debug\psftp.pdb
c:\users\t-joshd\source\repos\sputty\windows\vs2012\psftp\debug\psftp.res
c:\users\joshd\source\repos\sputty\windows\vs2012\psftp\debug\be_ssh.obj
c:\users\joshd\source\repos\sputty\windows\vs2012\psftp\debug\callback.obj
c:\users\joshd\source\repos\sputty\windows\vs2012\psftp\debug\cmdline.obj
c:\users\joshd\source\repos\sputty\windows\vs2012\psftp\debug\conf.obj
c:\users\joshd\source\repos\sputty\windows\vs2012\psftp\debug\cproxy.obj
c:\users\joshd\source\repos\sputty\windows\vs2012\psftp\debug\errsock.obj
c:\users\joshd\source\repos\sputty\windows\vs2012\psftp\debug\int64.obj
c:\users\joshd\source\repos\sputty\windows\vs2012\psftp\debug\logging.obj
c:\users\joshd\source\repos\sputty\windows\vs2012\psftp\debug\misc.obj
c:\users\joshd\source\repos\sputty\windows\vs2012\psftp\debug\pgssapi.obj
c:\users\joshd\source\repos\sputty\windows\vs2012\psftp\debug\pinger.obj
c:\users\joshd\source\repos\sputty\windows\vs2012\psftp\debug\portfwd.obj
c:\users\joshd\source\repos\sputty\windows\vs2012\psftp\debug\proxy.obj
c:\users\joshd\source\repos\sputty\windows\vs2012\psftp\debug\psftp.obj
c:\users\joshd\source\repos\sputty\windows\vs2012\psftp\debug\settings.obj
c:\users\joshd\source\repos\sputty\windows\vs2012\psftp\debug\sftp.obj
c:\users\joshd\source\repos\sputty\windows\vs2012\psftp\debug\ssh.obj
c:\users\joshd\source\repos\sputty\windows\vs2012\psftp\debug\sshaes.obj
c:\users\joshd\source\repos\sputty\windows\vs2012\psftp\debug\ssharcf.obj
c:\users\joshd\source\repos\sputty\windows\vs2012\psftp\debug\sshblowf.obj
c:\users\joshd\source\repos\sputty\windows\vs2012\psftp\debug\sshbn.obj
c:\users\joshd\source\repos\sputty\windows\vs2012\psftp\debug\sshcrc.obj
c:\users\joshd\source\repos\sputty\windows\vs2012\psftp\debug\sshcrcda.obj
c:\users\joshd\source\repos\sputty\windows\vs2012\psftp\debug\sshdes.obj
c:\users\joshd\source\repos\sputty\windows\vs2012\psftp\debug\sshdh.obj
c:\users\joshd\source\repos\sputty\windows\vs2012\psftp\debug\sshdss.obj
c:\users\joshd\source\repos\sputty\windows\vs2012\psftp\debug\sshgssc.obj
c:\users\joshd\source\repos\sputty\windows\vs2012\psftp\debug\sshmd5.obj
c:\users\joshd\source\repos\sputty\windows\vs2012\psftp\debug\sshpubk.obj
c:\users\joshd\source\repos\sputty\windows\vs2012\psftp\debug\sshrand.obj
c:\users\joshd\source\repos\sputty\windows\vs2012\psftp\debug\sshrsa.obj
c:\users\joshd\source\repos\sputty\windows\vs2012\psftp\debug\sshsh256.obj
c:\users\joshd\source\repos\sputty\windows\vs2012\psftp\debug\sshsh512.obj
c:\users\joshd\source\repos\sputty\windows\vs2012\psftp\debug\sshsha.obj
c:\users\joshd\source\repos\sputty\windows\vs2012\psftp\debug\sshshare.obj
c:\users\joshd\source\repos\sputty\windows\vs2012\psftp\debug\sshzlib.obj
c:\users\joshd\source\repos\sputty\windows\vs2012\psftp\debug\timing.obj
c:\users\joshd\source\repos\sputty\windows\vs2012\psftp\debug\tree234.obj
c:\users\joshd\source\repos\sputty\windows\vs2012\psftp\debug\version.obj
c:\users\joshd\source\repos\sputty\windows\vs2012\psftp\debug\wildcard.obj
c:\users\joshd\source\repos\sputty\windows\vs2012\psftp\debug\wincons.obj
c:\users\joshd\source\repos\sputty\windows\vs2012\psftp\debug\windefs.obj
c:\users\joshd\source\repos\sputty\windows\vs2012\psftp\debug\wingss.obj
c:\users\joshd\source\repos\sputty\windows\vs2012\psftp\debug\winhandl.obj
c:\users\joshd\source\repos\sputty\windows\vs2012\psftp\debug\winhsock.obj
c:\users\joshd\source\repos\sputty\windows\vs2012\psftp\debug\winmisc.obj
c:\users\joshd\source\repos\sputty\windows\vs2012\psftp\debug\winnet.obj
c:\users\joshd\source\repos\sputty\windows\vs2012\psftp\debug\winnoise.obj
c:\users\joshd\source\repos\sputty\windows\vs2012\psftp\debug\winnojmp.obj
c:\users\joshd\source\repos\sputty\windows\vs2012\psftp\debug\winnpc.obj
c:\users\joshd\source\repos\sputty\windows\vs2012\psftp\debug\winnps.obj
c:\users\joshd\source\repos\sputty\windows\vs2012\psftp\debug\winpgntc.obj
c:\users\joshd\source\repos\sputty\windows\vs2012\psftp\debug\winproxy.obj
c:\users\joshd\source\repos\sputty\windows\vs2012\psftp\debug\winsecur.obj
c:\users\joshd\source\repos\sputty\windows\vs2012\psftp\debug\winsftp.obj
c:\users\joshd\source\repos\sputty\windows\vs2012\psftp\debug\winshare.obj
c:\users\joshd\source\repos\sputty\windows\vs2012\psftp\debug\winstore.obj
c:\users\joshd\source\repos\sputty\windows\vs2012\psftp\debug\wintime.obj
c:\users\joshd\source\repos\sputty\windows\vs2012\psftp\debug\x11fwd.obj
c:\users\joshd\source\repos\sputty\windows\vs2012\psftp\debug\psftp.ilk
c:\users\joshd\source\repos\sputty\windows\vs2012\psftp\debug\psftp.res
c:\users\joshd\source\repos\sputty\windows\vs2012\psftp\debug\vc140.idb
c:\users\joshd\source\repos\sputty\windows\vs2012\psftp\debug\psftp.pdb
c:\users\joshd\source\repos\sputty\windows\vs2012\psftp\debug\vc140.pdb
c:\users\joshd\source\repos\sputty\windows\vs2012\psftp\.\debug\psftp.exe
c:\users\joshd\source\repos\sputty\windows\vs2012\psftp\debug\psftp.tlog\cl.command.1.tlog
c:\users\joshd\source\repos\sputty\windows\vs2012\psftp\debug\psftp.tlog\cl.read.1.tlog
c:\users\joshd\source\repos\sputty\windows\vs2012\psftp\debug\psftp.tlog\cl.write.1.tlog
c:\users\joshd\source\repos\sputty\windows\vs2012\psftp\debug\psftp.tlog\link.command.1.tlog
c:\users\joshd\source\repos\sputty\windows\vs2012\psftp\debug\psftp.tlog\link.read.1.tlog
c:\users\joshd\source\repos\sputty\windows\vs2012\psftp\debug\psftp.tlog\link.write.1.tlog
c:\users\joshd\source\repos\sputty\windows\vs2012\psftp\debug\psftp.tlog\rc.command.1.tlog
c:\users\joshd\source\repos\sputty\windows\vs2012\psftp\debug\psftp.tlog\rc.read.1.tlog
c:\users\joshd\source\repos\sputty\windows\vs2012\psftp\debug\psftp.tlog\rc.write.1.tlog
