c:\users\t-joshd\source\repos\sputty\windows\vs2012\pageant\debug\vc140.pdb
c:\users\t-joshd\source\repos\sputty\windows\vs2012\pageant\debug\vc140.idb
c:\users\t-joshd\source\repos\sputty\windows\vs2012\pageant\debug\conf.obj
c:\users\t-joshd\source\repos\sputty\windows\vs2012\pageant\debug\misc.obj
c:\users\t-joshd\source\repos\sputty\windows\vs2012\pageant\debug\sshaes.obj
c:\users\t-joshd\source\repos\sputty\windows\vs2012\pageant\debug\sshbn.obj
c:\users\t-joshd\source\repos\sputty\windows\vs2012\pageant\debug\sshdes.obj
c:\users\t-joshd\source\repos\sputty\windows\vs2012\pageant\debug\sshdss.obj
c:\users\t-joshd\source\repos\sputty\windows\vs2012\pageant\debug\sshmd5.obj
c:\users\t-joshd\source\repos\sputty\windows\vs2012\pageant\debug\sshpubk.obj
c:\users\t-joshd\source\repos\sputty\windows\vs2012\pageant\debug\sshrsa.obj
c:\users\t-joshd\source\repos\sputty\windows\vs2012\pageant\debug\sshsh256.obj
c:\users\t-joshd\source\repos\sputty\windows\vs2012\pageant\debug\sshsh512.obj
c:\users\t-joshd\source\repos\sputty\windows\vs2012\pageant\debug\sshsha.obj
c:\users\t-joshd\source\repos\sputty\windows\vs2012\pageant\debug\tree234.obj
c:\users\t-joshd\source\repos\sputty\windows\vs2012\pageant\debug\version.obj
c:\users\t-joshd\source\repos\sputty\windows\vs2012\pageant\debug\winhelp.obj
c:\users\t-joshd\source\repos\sputty\windows\vs2012\pageant\debug\winmisc.obj
c:\users\t-joshd\source\repos\sputty\windows\vs2012\pageant\debug\winpgnt.obj
c:\users\t-joshd\source\repos\sputty\windows\vs2012\pageant\debug\winpgntc.obj
c:\users\t-joshd\source\repos\sputty\windows\vs2012\pageant\debug\winsecur.obj
c:\users\t-joshd\source\repos\sputty\windows\vs2012\pageant\debug\winutils.obj
c:\users\t-joshd\source\repos\sputty\windows\vs2012\pageant\debug\pageant.ilk
c:\users\t-joshd\source\repos\sputty\windows\vs2012\pageant\debug\pageant.exe
c:\users\t-joshd\source\repos\sputty\windows\vs2012\pageant\debug\pageant.pdb
c:\users\t-joshd\source\repos\sputty\windows\vs2012\pageant\debug\pageant.res
c:\users\joshd\source\repos\sputty\windows\vs2012\pageant\debug\conf.obj
c:\users\joshd\source\repos\sputty\windows\vs2012\pageant\debug\misc.obj
c:\users\joshd\source\repos\sputty\windows\vs2012\pageant\debug\sshaes.obj
c:\users\joshd\source\repos\sputty\windows\vs2012\pageant\debug\sshbn.obj
c:\users\joshd\source\repos\sputty\windows\vs2012\pageant\debug\sshdes.obj
c:\users\joshd\source\repos\sputty\windows\vs2012\pageant\debug\sshdss.obj
c:\users\joshd\source\repos\sputty\windows\vs2012\pageant\debug\sshmd5.obj
c:\users\joshd\source\repos\sputty\windows\vs2012\pageant\debug\sshpubk.obj
c:\users\joshd\source\repos\sputty\windows\vs2012\pageant\debug\sshrsa.obj
c:\users\joshd\source\repos\sputty\windows\vs2012\pageant\debug\sshsh256.obj
c:\users\joshd\source\repos\sputty\windows\vs2012\pageant\debug\sshsh512.obj
c:\users\joshd\source\repos\sputty\windows\vs2012\pageant\debug\sshsha.obj
c:\users\joshd\source\repos\sputty\windows\vs2012\pageant\debug\tree234.obj
c:\users\joshd\source\repos\sputty\windows\vs2012\pageant\debug\version.obj
c:\users\joshd\source\repos\sputty\windows\vs2012\pageant\debug\winhelp.obj
c:\users\joshd\source\repos\sputty\windows\vs2012\pageant\debug\winmisc.obj
c:\users\joshd\source\repos\sputty\windows\vs2012\pageant\debug\winpgnt.obj
c:\users\joshd\source\repos\sputty\windows\vs2012\pageant\debug\winpgntc.obj
c:\users\joshd\source\repos\sputty\windows\vs2012\pageant\debug\winsecur.obj
c:\users\joshd\source\repos\sputty\windows\vs2012\pageant\debug\winutils.obj
c:\users\joshd\source\repos\sputty\windows\vs2012\pageant\debug\pageant.ilk
c:\users\joshd\source\repos\sputty\windows\vs2012\pageant\debug\pageant.res
c:\users\joshd\source\repos\sputty\windows\vs2012\pageant\debug\vc140.idb
c:\users\joshd\source\repos\sputty\windows\vs2012\pageant\debug\pageant.pdb
c:\users\joshd\source\repos\sputty\windows\vs2012\pageant\debug\vc140.pdb
c:\users\joshd\source\repos\sputty\windows\vs2012\pageant\.\debug\pageant.exe
c:\users\joshd\source\repos\sputty\windows\vs2012\pageant\debug\pageant.tlog\cl.command.1.tlog
c:\users\joshd\source\repos\sputty\windows\vs2012\pageant\debug\pageant.tlog\cl.read.1.tlog
c:\users\joshd\source\repos\sputty\windows\vs2012\pageant\debug\pageant.tlog\cl.write.1.tlog
c:\users\joshd\source\repos\sputty\windows\vs2012\pageant\debug\pageant.tlog\link.command.1.tlog
c:\users\joshd\source\repos\sputty\windows\vs2012\pageant\debug\pageant.tlog\link.read.1.tlog
c:\users\joshd\source\repos\sputty\windows\vs2012\pageant\debug\pageant.tlog\link.write.1.tlog
c:\users\joshd\source\repos\sputty\windows\vs2012\pageant\debug\pageant.tlog\rc.command.1.tlog
c:\users\joshd\source\repos\sputty\windows\vs2012\pageant\debug\pageant.tlog\rc.read.1.tlog
c:\users\joshd\source\repos\sputty\windows\vs2012\pageant\debug\pageant.tlog\rc.write.1.tlog
