c:\users\t-joshd\source\repos\sputty\windows\vs2012\putty\debug\vc140.pdb
c:\users\t-joshd\source\repos\sputty\windows\vs2012\putty\debug\vc140.idb
c:\users\t-joshd\source\repos\sputty\windows\vs2012\putty\debug\winhelp.obj
c:\users\t-joshd\source\repos\sputty\windows\vs2012\putty\debug\winhsock.obj
c:\users\t-joshd\source\repos\sputty\windows\vs2012\putty\debug\winjump.obj
c:\users\t-joshd\source\repos\sputty\windows\vs2012\putty\debug\winmisc.obj
c:\users\t-joshd\source\repos\sputty\windows\vs2012\putty\debug\winnet.obj
c:\users\t-joshd\source\repos\sputty\windows\vs2012\putty\debug\winnoise.obj
c:\users\t-joshd\source\repos\sputty\windows\vs2012\putty\debug\winnpc.obj
c:\users\t-joshd\source\repos\sputty\windows\vs2012\putty\debug\winnps.obj
c:\users\t-joshd\source\repos\sputty\windows\vs2012\putty\debug\winpgntc.obj
c:\users\t-joshd\source\repos\sputty\windows\vs2012\putty\debug\winprint.obj
c:\users\t-joshd\source\repos\sputty\windows\vs2012\putty\debug\winproxy.obj
c:\users\t-joshd\source\repos\sputty\windows\vs2012\putty\debug\winsecur.obj
c:\users\t-joshd\source\repos\sputty\windows\vs2012\putty\debug\winser.obj
c:\users\t-joshd\source\repos\sputty\windows\vs2012\putty\debug\winshare.obj
c:\users\t-joshd\source\repos\sputty\windows\vs2012\putty\debug\winstore.obj
c:\users\t-joshd\source\repos\sputty\windows\vs2012\putty\debug\wintime.obj
c:\users\t-joshd\source\repos\sputty\windows\vs2012\putty\debug\winucs.obj
c:\users\t-joshd\source\repos\sputty\windows\vs2012\putty\debug\winutils.obj
c:\users\t-joshd\source\repos\sputty\windows\vs2012\putty\debug\winx11.obj
c:\users\t-joshd\source\repos\sputty\windows\vs2012\putty\debug\x11fwd.obj
c:\users\t-joshd\source\repos\sputty\windows\vs2012\putty\debug\sshsh512.obj
c:\users\t-joshd\source\repos\sputty\windows\vs2012\putty\debug\sshsha.obj
c:\users\t-joshd\source\repos\sputty\windows\vs2012\putty\debug\sshshare.obj
c:\users\t-joshd\source\repos\sputty\windows\vs2012\putty\debug\sshzlib.obj
c:\users\t-joshd\source\repos\sputty\windows\vs2012\putty\debug\supdup.obj
c:\users\t-joshd\source\repos\sputty\windows\vs2012\putty\debug\telnet.obj
c:\users\t-joshd\source\repos\sputty\windows\vs2012\putty\debug\terminal.obj
c:\users\t-joshd\source\repos\sputty\windows\vs2012\putty\debug\timing.obj
c:\users\t-joshd\source\repos\sputty\windows\vs2012\putty\debug\tree234.obj
c:\users\t-joshd\source\repos\sputty\windows\vs2012\putty\debug\version.obj
c:\users\t-joshd\source\repos\sputty\windows\vs2012\putty\debug\wcwidth.obj
c:\users\t-joshd\source\repos\sputty\windows\vs2012\putty\debug\wildcard.obj
c:\users\t-joshd\source\repos\sputty\windows\vs2012\putty\debug\sizetip.obj
c:\users\t-joshd\source\repos\sputty\windows\vs2012\putty\debug\wincfg.obj
c:\users\t-joshd\source\repos\sputty\windows\vs2012\putty\debug\winctrls.obj
c:\users\t-joshd\source\repos\sputty\windows\vs2012\putty\debug\windefs.obj
c:\users\t-joshd\source\repos\sputty\windows\vs2012\putty\debug\windlg.obj
c:\users\t-joshd\source\repos\sputty\windows\vs2012\putty\debug\window.obj
c:\users\t-joshd\source\repos\sputty\windows\vs2012\putty\debug\wingss.obj
c:\users\t-joshd\source\repos\sputty\windows\vs2012\putty\debug\winhandl.obj
c:\users\t-joshd\source\repos\sputty\windows\vs2012\putty\debug\raw.obj
c:\users\t-joshd\source\repos\sputty\windows\vs2012\putty\debug\rlogin.obj
c:\users\t-joshd\source\repos\sputty\windows\vs2012\putty\debug\sercfg.obj
c:\users\t-joshd\source\repos\sputty\windows\vs2012\putty\debug\settings.obj
c:\users\t-joshd\source\repos\sputty\windows\vs2012\putty\debug\ssh.obj
c:\users\t-joshd\source\repos\sputty\windows\vs2012\putty\debug\sshaes.obj
c:\users\t-joshd\source\repos\sputty\windows\vs2012\putty\debug\ssharcf.obj
c:\users\t-joshd\source\repos\sputty\windows\vs2012\putty\debug\sshblowf.obj
c:\users\t-joshd\source\repos\sputty\windows\vs2012\putty\debug\sshbn.obj
c:\users\t-joshd\source\repos\sputty\windows\vs2012\putty\debug\sshcrc.obj
c:\users\t-joshd\source\repos\sputty\windows\vs2012\putty\debug\sshcrcda.obj
c:\users\t-joshd\source\repos\sputty\windows\vs2012\putty\debug\sshdes.obj
c:\users\t-joshd\source\repos\sputty\windows\vs2012\putty\debug\sshdh.obj
c:\users\t-joshd\source\repos\sputty\windows\vs2012\putty\debug\sshdss.obj
c:\users\t-joshd\source\repos\sputty\windows\vs2012\putty\debug\sshgssc.obj
c:\users\t-joshd\source\repos\sputty\windows\vs2012\putty\debug\sshmd5.obj
c:\users\t-joshd\source\repos\sputty\windows\vs2012\putty\debug\sshpubk.obj
c:\users\t-joshd\source\repos\sputty\windows\vs2012\putty\debug\sshrand.obj
c:\users\t-joshd\source\repos\sputty\windows\vs2012\putty\debug\sshrsa.obj
c:\users\t-joshd\source\repos\sputty\windows\vs2012\putty\debug\sshsh256.obj
c:\users\t-joshd\source\repos\sputty\windows\vs2012\putty\debug\be_all_s.obj
c:\users\t-joshd\source\repos\sputty\windows\vs2012\putty\debug\callback.obj
c:\users\t-joshd\source\repos\sputty\windows\vs2012\putty\debug\cmdline.obj
c:\users\t-joshd\source\repos\sputty\windows\vs2012\putty\debug\conf.obj
c:\users\t-joshd\source\repos\sputty\windows\vs2012\putty\debug\config.obj
c:\users\t-joshd\source\repos\sputty\windows\vs2012\putty\debug\cproxy.obj
c:\users\t-joshd\source\repos\sputty\windows\vs2012\putty\debug\dialog.obj
c:\users\t-joshd\source\repos\sputty\windows\vs2012\putty\debug\errsock.obj
c:\users\t-joshd\source\repos\sputty\windows\vs2012\putty\debug\ldisc.obj
c:\users\t-joshd\source\repos\sputty\windows\vs2012\putty\debug\ldiscucs.obj
c:\users\t-joshd\source\repos\sputty\windows\vs2012\putty\debug\logging.obj
c:\users\t-joshd\source\repos\sputty\windows\vs2012\putty\debug\minibidi.obj
c:\users\t-joshd\source\repos\sputty\windows\vs2012\putty\debug\misc.obj
c:\users\t-joshd\source\repos\sputty\windows\vs2012\putty\debug\miscucs.obj
c:\users\t-joshd\source\repos\sputty\windows\vs2012\putty\debug\pgssapi.obj
c:\users\t-joshd\source\repos\sputty\windows\vs2012\putty\debug\pinger.obj
c:\users\t-joshd\source\repos\sputty\windows\vs2012\putty\debug\portfwd.obj
c:\users\t-joshd\source\repos\sputty\windows\vs2012\putty\debug\proxy.obj
c:\users\t-joshd\source\repos\sputty\windows\vs2012\putty\debug\suputty.ilk
c:\users\t-joshd\source\repos\sputty\windows\vs2012\putty\debug\suputty.exe
c:\users\t-joshd\source\repos\sputty\windows\vs2012\putty\debug\suputty.pdb
c:\users\t-joshd\source\repos\sputty\windows\vs2012\putty\debug\putty.res
c:\users\joshd\source\repos\sputty\windows\vs2012\putty\debug\be_all_s.obj
c:\users\joshd\source\repos\sputty\windows\vs2012\putty\debug\callback.obj
c:\users\joshd\source\repos\sputty\windows\vs2012\putty\debug\cmdline.obj
c:\users\joshd\source\repos\sputty\windows\vs2012\putty\debug\conf.obj
c:\users\joshd\source\repos\sputty\windows\vs2012\putty\debug\config.obj
c:\users\joshd\source\repos\sputty\windows\vs2012\putty\debug\cproxy.obj
c:\users\joshd\source\repos\sputty\windows\vs2012\putty\debug\dialog.obj
c:\users\joshd\source\repos\sputty\windows\vs2012\putty\debug\errsock.obj
c:\users\joshd\source\repos\sputty\windows\vs2012\putty\debug\ldisc.obj
c:\users\joshd\source\repos\sputty\windows\vs2012\putty\debug\ldiscucs.obj
c:\users\joshd\source\repos\sputty\windows\vs2012\putty\debug\logging.obj
c:\users\joshd\source\repos\sputty\windows\vs2012\putty\debug\minibidi.obj
c:\users\joshd\source\repos\sputty\windows\vs2012\putty\debug\misc.obj
c:\users\joshd\source\repos\sputty\windows\vs2012\putty\debug\miscucs.obj
c:\users\joshd\source\repos\sputty\windows\vs2012\putty\debug\pgssapi.obj
c:\users\joshd\source\repos\sputty\windows\vs2012\putty\debug\pinger.obj
c:\users\joshd\source\repos\sputty\windows\vs2012\putty\debug\portfwd.obj
c:\users\joshd\source\repos\sputty\windows\vs2012\putty\debug\proxy.obj
c:\users\joshd\source\repos\sputty\windows\vs2012\putty\debug\raw.obj
c:\users\joshd\source\repos\sputty\windows\vs2012\putty\debug\rlogin.obj
c:\users\joshd\source\repos\sputty\windows\vs2012\putty\debug\sercfg.obj
c:\users\joshd\source\repos\sputty\windows\vs2012\putty\debug\settings.obj
c:\users\joshd\source\repos\sputty\windows\vs2012\putty\debug\sizetip.obj
c:\users\joshd\source\repos\sputty\windows\vs2012\putty\debug\ssh.obj
c:\users\joshd\source\repos\sputty\windows\vs2012\putty\debug\sshaes.obj
c:\users\joshd\source\repos\sputty\windows\vs2012\putty\debug\ssharcf.obj
c:\users\joshd\source\repos\sputty\windows\vs2012\putty\debug\sshblowf.obj
c:\users\joshd\source\repos\sputty\windows\vs2012\putty\debug\sshbn.obj
c:\users\joshd\source\repos\sputty\windows\vs2012\putty\debug\sshcrc.obj
c:\users\joshd\source\repos\sputty\windows\vs2012\putty\debug\sshcrcda.obj
c:\users\joshd\source\repos\sputty\windows\vs2012\putty\debug\sshdes.obj
c:\users\joshd\source\repos\sputty\windows\vs2012\putty\debug\sshdh.obj
c:\users\joshd\source\repos\sputty\windows\vs2012\putty\debug\sshdss.obj
c:\users\joshd\source\repos\sputty\windows\vs2012\putty\debug\sshgssc.obj
c:\users\joshd\source\repos\sputty\windows\vs2012\putty\debug\sshmd5.obj
c:\users\joshd\source\repos\sputty\windows\vs2012\putty\debug\sshpubk.obj
c:\users\joshd\source\repos\sputty\windows\vs2012\putty\debug\sshrand.obj
c:\users\joshd\source\repos\sputty\windows\vs2012\putty\debug\sshrsa.obj
c:\users\joshd\source\repos\sputty\windows\vs2012\putty\debug\sshsh256.obj
c:\users\joshd\source\repos\sputty\windows\vs2012\putty\debug\sshsh512.obj
c:\users\joshd\source\repos\sputty\windows\vs2012\putty\debug\sshsha.obj
c:\users\joshd\source\repos\sputty\windows\vs2012\putty\debug\sshshare.obj
c:\users\joshd\source\repos\sputty\windows\vs2012\putty\debug\sshzlib.obj
c:\users\joshd\source\repos\sputty\windows\vs2012\putty\debug\supdup.obj
c:\users\joshd\source\repos\sputty\windows\vs2012\putty\debug\telnet.obj
c:\users\joshd\source\repos\sputty\windows\vs2012\putty\debug\terminal.obj
c:\users\joshd\source\repos\sputty\windows\vs2012\putty\debug\timing.obj
c:\users\joshd\source\repos\sputty\windows\vs2012\putty\debug\tree234.obj
c:\users\joshd\source\repos\sputty\windows\vs2012\putty\debug\version.obj
c:\users\joshd\source\repos\sputty\windows\vs2012\putty\debug\wcwidth.obj
c:\users\joshd\source\repos\sputty\windows\vs2012\putty\debug\wildcard.obj
c:\users\joshd\source\repos\sputty\windows\vs2012\putty\debug\wincfg.obj
c:\users\joshd\source\repos\sputty\windows\vs2012\putty\debug\winctrls.obj
c:\users\joshd\source\repos\sputty\windows\vs2012\putty\debug\windefs.obj
c:\users\joshd\source\repos\sputty\windows\vs2012\putty\debug\windlg.obj
c:\users\joshd\source\repos\sputty\windows\vs2012\putty\debug\window.obj
c:\users\joshd\source\repos\sputty\windows\vs2012\putty\debug\wingss.obj
c:\users\joshd\source\repos\sputty\windows\vs2012\putty\debug\winhandl.obj
c:\users\joshd\source\repos\sputty\windows\vs2012\putty\debug\winhelp.obj
c:\users\joshd\source\repos\sputty\windows\vs2012\putty\debug\winhsock.obj
c:\users\joshd\source\repos\sputty\windows\vs2012\putty\debug\winjump.obj
c:\users\joshd\source\repos\sputty\windows\vs2012\putty\debug\winmisc.obj
c:\users\joshd\source\repos\sputty\windows\vs2012\putty\debug\winnet.obj
c:\users\joshd\source\repos\sputty\windows\vs2012\putty\debug\winnoise.obj
c:\users\joshd\source\repos\sputty\windows\vs2012\putty\debug\winnpc.obj
c:\users\joshd\source\repos\sputty\windows\vs2012\putty\debug\winnps.obj
c:\users\joshd\source\repos\sputty\windows\vs2012\putty\debug\winpgntc.obj
c:\users\joshd\source\repos\sputty\windows\vs2012\putty\debug\winprint.obj
c:\users\joshd\source\repos\sputty\windows\vs2012\putty\debug\winproxy.obj
c:\users\joshd\source\repos\sputty\windows\vs2012\putty\debug\winsecur.obj
c:\users\joshd\source\repos\sputty\windows\vs2012\putty\debug\winser.obj
c:\users\joshd\source\repos\sputty\windows\vs2012\putty\debug\winshare.obj
c:\users\joshd\source\repos\sputty\windows\vs2012\putty\debug\winstore.obj
c:\users\joshd\source\repos\sputty\windows\vs2012\putty\debug\wintime.obj
c:\users\joshd\source\repos\sputty\windows\vs2012\putty\debug\winucs.obj
c:\users\joshd\source\repos\sputty\windows\vs2012\putty\debug\winutils.obj
c:\users\joshd\source\repos\sputty\windows\vs2012\putty\debug\winx11.obj
c:\users\joshd\source\repos\sputty\windows\vs2012\putty\debug\x11fwd.obj
c:\users\joshd\source\repos\sputty\windows\vs2012\putty\debug\suputty.ilk
c:\users\joshd\source\repos\sputty\windows\vs2012\putty\debug\putty.res
c:\users\joshd\source\repos\sputty\windows\vs2012\putty\debug\vc140.idb
c:\users\joshd\source\repos\sputty\windows\vs2012\putty\debug\suputty.pdb
c:\users\joshd\source\repos\sputty\windows\vs2012\putty\debug\vc140.pdb
c:\users\joshd\source\repos\sputty\windows\vs2012\putty\.\debug\suputty.exe
c:\users\joshd\source\repos\sputty\windows\vs2012\putty\debug\suputty.tlog\cl.command.1.tlog
c:\users\joshd\source\repos\sputty\windows\vs2012\putty\debug\suputty.tlog\cl.read.1.tlog
c:\users\joshd\source\repos\sputty\windows\vs2012\putty\debug\suputty.tlog\cl.write.1.tlog
c:\users\joshd\source\repos\sputty\windows\vs2012\putty\debug\suputty.tlog\link.command.1.tlog
c:\users\joshd\source\repos\sputty\windows\vs2012\putty\debug\suputty.tlog\link.read.1.tlog
c:\users\joshd\source\repos\sputty\windows\vs2012\putty\debug\suputty.tlog\link.write.1.tlog
c:\users\joshd\source\repos\sputty\windows\vs2012\putty\debug\suputty.tlog\rc.command.1.tlog
c:\users\joshd\source\repos\sputty\windows\vs2012\putty\debug\suputty.tlog\rc.read.1.tlog
c:\users\joshd\source\repos\sputty\windows\vs2012\putty\debug\suputty.tlog\rc.write.1.tlog
