c:\users\t-joshd\source\repos\sputty\windows\vs2012\pscp\release\vc140.pdb
c:\users\t-joshd\source\repos\sputty\windows\vs2012\pscp\release\sshblowf.obj
c:\users\t-joshd\source\repos\sputty\windows\vs2012\pscp\release\ssharcf.obj
c:\users\t-joshd\source\repos\sputty\windows\vs2012\pscp\release\sshaes.obj
c:\users\t-joshd\source\repos\sputty\windows\vs2012\pscp\release\ssh.obj
c:\users\t-joshd\source\repos\sputty\windows\vs2012\pscp\release\sftp.obj
c:\users\t-joshd\source\repos\sputty\windows\vs2012\pscp\release\settings.obj
c:\users\t-joshd\source\repos\sputty\windows\vs2012\pscp\release\pscp.obj
c:\users\t-joshd\source\repos\sputty\windows\vs2012\pscp\release\proxy.obj
c:\users\t-joshd\source\repos\sputty\windows\vs2012\pscp\release\portfwd.obj
c:\users\t-joshd\source\repos\sputty\windows\vs2012\pscp\release\pinger.obj
c:\users\t-joshd\source\repos\sputty\windows\vs2012\pscp\release\pgssapi.obj
c:\users\t-joshd\source\repos\sputty\windows\vs2012\pscp\release\misc.obj
c:\users\t-joshd\source\repos\sputty\windows\vs2012\pscp\release\logging.obj
c:\users\t-joshd\source\repos\sputty\windows\vs2012\pscp\release\int64.obj
c:\users\t-joshd\source\repos\sputty\windows\vs2012\pscp\release\errsock.obj
c:\users\t-joshd\source\repos\sputty\windows\vs2012\pscp\release\cproxy.obj
c:\users\t-joshd\source\repos\sputty\windows\vs2012\pscp\release\conf.obj
c:\users\t-joshd\source\repos\sputty\windows\vs2012\pscp\release\cmdline.obj
c:\users\t-joshd\source\repos\sputty\windows\vs2012\pscp\release\callback.obj
c:\users\t-joshd\source\repos\sputty\windows\vs2012\pscp\release\be_ssh.obj
c:\users\t-joshd\source\repos\sputty\windows\vs2012\pscp\release\wildcard.obj
c:\users\t-joshd\source\repos\sputty\windows\vs2012\pscp\release\version.obj
c:\users\t-joshd\source\repos\sputty\windows\vs2012\pscp\release\tree234.obj
c:\users\t-joshd\source\repos\sputty\windows\vs2012\pscp\release\timing.obj
c:\users\t-joshd\source\repos\sputty\windows\vs2012\pscp\release\sshzlib.obj
c:\users\t-joshd\source\repos\sputty\windows\vs2012\pscp\release\sshshare.obj
c:\users\t-joshd\source\repos\sputty\windows\vs2012\pscp\release\sshsha.obj
c:\users\t-joshd\source\repos\sputty\windows\vs2012\pscp\release\sshsh512.obj
c:\users\t-joshd\source\repos\sputty\windows\vs2012\pscp\release\sshsh256.obj
c:\users\t-joshd\source\repos\sputty\windows\vs2012\pscp\release\sshrsa.obj
c:\users\t-joshd\source\repos\sputty\windows\vs2012\pscp\release\sshrand.obj
c:\users\t-joshd\source\repos\sputty\windows\vs2012\pscp\release\sshpubk.obj
c:\users\t-joshd\source\repos\sputty\windows\vs2012\pscp\release\sshmd5.obj
c:\users\t-joshd\source\repos\sputty\windows\vs2012\pscp\release\sshgssc.obj
c:\users\t-joshd\source\repos\sputty\windows\vs2012\pscp\release\sshdss.obj
c:\users\t-joshd\source\repos\sputty\windows\vs2012\pscp\release\sshdh.obj
c:\users\t-joshd\source\repos\sputty\windows\vs2012\pscp\release\sshdes.obj
c:\users\t-joshd\source\repos\sputty\windows\vs2012\pscp\release\sshcrcda.obj
c:\users\t-joshd\source\repos\sputty\windows\vs2012\pscp\release\sshcrc.obj
c:\users\t-joshd\source\repos\sputty\windows\vs2012\pscp\release\sshbn.obj
c:\users\t-joshd\source\repos\sputty\windows\vs2012\pscp\release\x11fwd.obj
c:\users\t-joshd\source\repos\sputty\windows\vs2012\pscp\release\wintime.obj
c:\users\t-joshd\source\repos\sputty\windows\vs2012\pscp\release\winstore.obj
c:\users\t-joshd\source\repos\sputty\windows\vs2012\pscp\release\winshare.obj
c:\users\t-joshd\source\repos\sputty\windows\vs2012\pscp\release\winsftp.obj
c:\users\t-joshd\source\repos\sputty\windows\vs2012\pscp\release\winsecur.obj
c:\users\t-joshd\source\repos\sputty\windows\vs2012\pscp\release\winproxy.obj
c:\users\t-joshd\source\repos\sputty\windows\vs2012\pscp\release\winpgntc.obj
c:\users\t-joshd\source\repos\sputty\windows\vs2012\pscp\release\winnps.obj
c:\users\t-joshd\source\repos\sputty\windows\vs2012\pscp\release\winnpc.obj
c:\users\t-joshd\source\repos\sputty\windows\vs2012\pscp\release\winnojmp.obj
c:\users\t-joshd\source\repos\sputty\windows\vs2012\pscp\release\winnoise.obj
c:\users\t-joshd\source\repos\sputty\windows\vs2012\pscp\release\winnet.obj
c:\users\t-joshd\source\repos\sputty\windows\vs2012\pscp\release\winmisc.obj
c:\users\t-joshd\source\repos\sputty\windows\vs2012\pscp\release\winhsock.obj
c:\users\t-joshd\source\repos\sputty\windows\vs2012\pscp\release\winhandl.obj
c:\users\t-joshd\source\repos\sputty\windows\vs2012\pscp\release\wingss.obj
c:\users\t-joshd\source\repos\sputty\windows\vs2012\pscp\release\windefs.obj
c:\users\t-joshd\source\repos\sputty\windows\vs2012\pscp\release\wincons.obj
c:\users\t-joshd\source\repos\sputty\windows\vs2012\pscp\release\pscp.exe
c:\users\t-joshd\source\repos\sputty\windows\vs2012\pscp\release\pscp.pdb
c:\users\t-joshd\source\repos\sputty\windows\vs2012\pscp\release\pscp.res
c:\users\joshd\source\repos\sputty\windows\vs2012\pscp\release\be_ssh.obj
c:\users\joshd\source\repos\sputty\windows\vs2012\pscp\release\callback.obj
c:\users\joshd\source\repos\sputty\windows\vs2012\pscp\release\cmdline.obj
c:\users\joshd\source\repos\sputty\windows\vs2012\pscp\release\conf.obj
c:\users\joshd\source\repos\sputty\windows\vs2012\pscp\release\cproxy.obj
c:\users\joshd\source\repos\sputty\windows\vs2012\pscp\release\errsock.obj
c:\users\joshd\source\repos\sputty\windows\vs2012\pscp\release\int64.obj
c:\users\joshd\source\repos\sputty\windows\vs2012\pscp\release\logging.obj
c:\users\joshd\source\repos\sputty\windows\vs2012\pscp\release\misc.obj
c:\users\joshd\source\repos\sputty\windows\vs2012\pscp\release\pgssapi.obj
c:\users\joshd\source\repos\sputty\windows\vs2012\pscp\release\pinger.obj
c:\users\joshd\source\repos\sputty\windows\vs2012\pscp\release\portfwd.obj
c:\users\joshd\source\repos\sputty\windows\vs2012\pscp\release\proxy.obj
c:\users\joshd\source\repos\sputty\windows\vs2012\pscp\release\pscp.obj
c:\users\joshd\source\repos\sputty\windows\vs2012\pscp\release\settings.obj
c:\users\joshd\source\repos\sputty\windows\vs2012\pscp\release\sftp.obj
c:\users\joshd\source\repos\sputty\windows\vs2012\pscp\release\ssh.obj
c:\users\joshd\source\repos\sputty\windows\vs2012\pscp\release\sshaes.obj
c:\users\joshd\source\repos\sputty\windows\vs2012\pscp\release\ssharcf.obj
c:\users\joshd\source\repos\sputty\windows\vs2012\pscp\release\sshblowf.obj
c:\users\joshd\source\repos\sputty\windows\vs2012\pscp\release\sshbn.obj
c:\users\joshd\source\repos\sputty\windows\vs2012\pscp\release\sshcrc.obj
c:\users\joshd\source\repos\sputty\windows\vs2012\pscp\release\sshcrcda.obj
c:\users\joshd\source\repos\sputty\windows\vs2012\pscp\release\sshdes.obj
c:\users\joshd\source\repos\sputty\windows\vs2012\pscp\release\sshdh.obj
c:\users\joshd\source\repos\sputty\windows\vs2012\pscp\release\sshdss.obj
c:\users\joshd\source\repos\sputty\windows\vs2012\pscp\release\sshgssc.obj
c:\users\joshd\source\repos\sputty\windows\vs2012\pscp\release\sshmd5.obj
c:\users\joshd\source\repos\sputty\windows\vs2012\pscp\release\sshpubk.obj
c:\users\joshd\source\repos\sputty\windows\vs2012\pscp\release\sshrand.obj
c:\users\joshd\source\repos\sputty\windows\vs2012\pscp\release\sshrsa.obj
c:\users\joshd\source\repos\sputty\windows\vs2012\pscp\release\sshsh256.obj
c:\users\joshd\source\repos\sputty\windows\vs2012\pscp\release\sshsh512.obj
c:\users\joshd\source\repos\sputty\windows\vs2012\pscp\release\sshsha.obj
c:\users\joshd\source\repos\sputty\windows\vs2012\pscp\release\sshshare.obj
c:\users\joshd\source\repos\sputty\windows\vs2012\pscp\release\sshzlib.obj
c:\users\joshd\source\repos\sputty\windows\vs2012\pscp\release\timing.obj
c:\users\joshd\source\repos\sputty\windows\vs2012\pscp\release\tree234.obj
c:\users\joshd\source\repos\sputty\windows\vs2012\pscp\release\version.obj
c:\users\joshd\source\repos\sputty\windows\vs2012\pscp\release\wildcard.obj
c:\users\joshd\source\repos\sputty\windows\vs2012\pscp\release\wincons.obj
c:\users\joshd\source\repos\sputty\windows\vs2012\pscp\release\windefs.obj
c:\users\joshd\source\repos\sputty\windows\vs2012\pscp\release\wingss.obj
c:\users\joshd\source\repos\sputty\windows\vs2012\pscp\release\winhandl.obj
c:\users\joshd\source\repos\sputty\windows\vs2012\pscp\release\winhsock.obj
c:\users\joshd\source\repos\sputty\windows\vs2012\pscp\release\winmisc.obj
c:\users\joshd\source\repos\sputty\windows\vs2012\pscp\release\winnet.obj
c:\users\joshd\source\repos\sputty\windows\vs2012\pscp\release\winnoise.obj
c:\users\joshd\source\repos\sputty\windows\vs2012\pscp\release\winnojmp.obj
c:\users\joshd\source\repos\sputty\windows\vs2012\pscp\release\winnpc.obj
c:\users\joshd\source\repos\sputty\windows\vs2012\pscp\release\winnps.obj
c:\users\joshd\source\repos\sputty\windows\vs2012\pscp\release\winpgntc.obj
c:\users\joshd\source\repos\sputty\windows\vs2012\pscp\release\winproxy.obj
c:\users\joshd\source\repos\sputty\windows\vs2012\pscp\release\winsecur.obj
c:\users\joshd\source\repos\sputty\windows\vs2012\pscp\release\winsftp.obj
c:\users\joshd\source\repos\sputty\windows\vs2012\pscp\release\winshare.obj
c:\users\joshd\source\repos\sputty\windows\vs2012\pscp\release\winstore.obj
c:\users\joshd\source\repos\sputty\windows\vs2012\pscp\release\wintime.obj
c:\users\joshd\source\repos\sputty\windows\vs2012\pscp\release\x11fwd.obj
c:\users\joshd\source\repos\sputty\windows\vs2012\pscp\release\pscp.res
c:\users\joshd\source\repos\sputty\windows\vs2012\pscp\release\pscp.pdb
c:\users\joshd\source\repos\sputty\windows\vs2012\pscp\release\vc140.pdb
c:\users\joshd\source\repos\sputty\windows\vs2012\pscp\.\release\pscp.exe
c:\users\joshd\source\repos\sputty\windows\vs2012\pscp\release\pscp.tlog\cl.command.1.tlog
c:\users\joshd\source\repos\sputty\windows\vs2012\pscp\release\pscp.tlog\cl.read.1.tlog
c:\users\joshd\source\repos\sputty\windows\vs2012\pscp\release\pscp.tlog\cl.write.1.tlog
c:\users\joshd\source\repos\sputty\windows\vs2012\pscp\release\pscp.tlog\link.command.1.tlog
c:\users\joshd\source\repos\sputty\windows\vs2012\pscp\release\pscp.tlog\link.read.1.tlog
c:\users\joshd\source\repos\sputty\windows\vs2012\pscp\release\pscp.tlog\link.write.1.tlog
c:\users\joshd\source\repos\sputty\windows\vs2012\pscp\release\pscp.tlog\rc.command.1.tlog
c:\users\joshd\source\repos\sputty\windows\vs2012\pscp\release\pscp.tlog\rc.read.1.tlog
c:\users\joshd\source\repos\sputty\windows\vs2012\pscp\release\pscp.tlog\rc.write.1.tlog
