c:\users\t-joshd\source\repos\sputty\windows\vs2012\puttytel\release\vc140.pdb
c:\users\t-joshd\source\repos\sputty\windows\vs2012\puttytel\release\sercfg.obj
c:\users\t-joshd\source\repos\sputty\windows\vs2012\puttytel\release\rlogin.obj
c:\users\t-joshd\source\repos\sputty\windows\vs2012\puttytel\release\raw.obj
c:\users\t-joshd\source\repos\sputty\windows\vs2012\puttytel\release\proxy.obj
c:\users\t-joshd\source\repos\sputty\windows\vs2012\puttytel\release\pinger.obj
c:\users\t-joshd\source\repos\sputty\windows\vs2012\puttytel\release\nogss.obj
c:\users\t-joshd\source\repos\sputty\windows\vs2012\puttytel\release\nocproxy.obj
c:\users\t-joshd\source\repos\sputty\windows\vs2012\puttytel\release\miscucs.obj
c:\users\t-joshd\source\repos\sputty\windows\vs2012\puttytel\release\misc.obj
c:\users\t-joshd\source\repos\sputty\windows\vs2012\puttytel\release\minibidi.obj
c:\users\t-joshd\source\repos\sputty\windows\vs2012\puttytel\release\logging.obj
c:\users\t-joshd\source\repos\sputty\windows\vs2012\puttytel\release\ldiscucs.obj
c:\users\t-joshd\source\repos\sputty\windows\vs2012\puttytel\release\ldisc.obj
c:\users\t-joshd\source\repos\sputty\windows\vs2012\puttytel\release\errsock.obj
c:\users\t-joshd\source\repos\sputty\windows\vs2012\puttytel\release\dialog.obj
c:\users\t-joshd\source\repos\sputty\windows\vs2012\puttytel\release\config.obj
c:\users\t-joshd\source\repos\sputty\windows\vs2012\puttytel\release\conf.obj
c:\users\t-joshd\source\repos\sputty\windows\vs2012\puttytel\release\cmdline.obj
c:\users\t-joshd\source\repos\sputty\windows\vs2012\puttytel\release\callback.obj
c:\users\t-joshd\source\repos\sputty\windows\vs2012\puttytel\release\be_nos_s.obj
c:\users\t-joshd\source\repos\sputty\windows\vs2012\puttytel\release\winnet.obj
c:\users\t-joshd\source\repos\sputty\windows\vs2012\puttytel\release\winmisc.obj
c:\users\t-joshd\source\repos\sputty\windows\vs2012\puttytel\release\winjump.obj
c:\users\t-joshd\source\repos\sputty\windows\vs2012\puttytel\release\winhsock.obj
c:\users\t-joshd\source\repos\sputty\windows\vs2012\puttytel\release\winhelp.obj
c:\users\t-joshd\source\repos\sputty\windows\vs2012\puttytel\release\winhandl.obj
c:\users\t-joshd\source\repos\sputty\windows\vs2012\puttytel\release\window.obj
c:\users\t-joshd\source\repos\sputty\windows\vs2012\puttytel\release\windlg.obj
c:\users\t-joshd\source\repos\sputty\windows\vs2012\puttytel\release\windefs.obj
c:\users\t-joshd\source\repos\sputty\windows\vs2012\puttytel\release\winctrls.obj
c:\users\t-joshd\source\repos\sputty\windows\vs2012\puttytel\release\wincfg.obj
c:\users\t-joshd\source\repos\sputty\windows\vs2012\puttytel\release\sizetip.obj
c:\users\t-joshd\source\repos\sputty\windows\vs2012\puttytel\release\wcwidth.obj
c:\users\t-joshd\source\repos\sputty\windows\vs2012\puttytel\release\version.obj
c:\users\t-joshd\source\repos\sputty\windows\vs2012\puttytel\release\tree234.obj
c:\users\t-joshd\source\repos\sputty\windows\vs2012\puttytel\release\timing.obj
c:\users\t-joshd\source\repos\sputty\windows\vs2012\puttytel\release\terminal.obj
c:\users\t-joshd\source\repos\sputty\windows\vs2012\puttytel\release\telnet.obj
c:\users\t-joshd\source\repos\sputty\windows\vs2012\puttytel\release\supdup.obj
c:\users\t-joshd\source\repos\sputty\windows\vs2012\puttytel\release\settings.obj
c:\users\t-joshd\source\repos\sputty\windows\vs2012\puttytel\release\winutils.obj
c:\users\t-joshd\source\repos\sputty\windows\vs2012\puttytel\release\winucs.obj
c:\users\t-joshd\source\repos\sputty\windows\vs2012\puttytel\release\wintime.obj
c:\users\t-joshd\source\repos\sputty\windows\vs2012\puttytel\release\winstore.obj
c:\users\t-joshd\source\repos\sputty\windows\vs2012\puttytel\release\winser.obj
c:\users\t-joshd\source\repos\sputty\windows\vs2012\puttytel\release\winproxy.obj
c:\users\t-joshd\source\repos\sputty\windows\vs2012\puttytel\release\winprint.obj
c:\users\t-joshd\source\repos\sputty\windows\vs2012\puttytel\release\puttytel.exe
c:\users\t-joshd\source\repos\sputty\windows\vs2012\puttytel\release\puttytel.pdb
c:\users\t-joshd\source\repos\sputty\windows\vs2012\puttytel\release\puttytel.res
c:\users\joshd\source\repos\sputty\windows\vs2012\puttytel\release\be_nos_s.obj
c:\users\joshd\source\repos\sputty\windows\vs2012\puttytel\release\callback.obj
c:\users\joshd\source\repos\sputty\windows\vs2012\puttytel\release\cmdline.obj
c:\users\joshd\source\repos\sputty\windows\vs2012\puttytel\release\conf.obj
c:\users\joshd\source\repos\sputty\windows\vs2012\puttytel\release\config.obj
c:\users\joshd\source\repos\sputty\windows\vs2012\puttytel\release\dialog.obj
c:\users\joshd\source\repos\sputty\windows\vs2012\puttytel\release\errsock.obj
c:\users\joshd\source\repos\sputty\windows\vs2012\puttytel\release\ldisc.obj
c:\users\joshd\source\repos\sputty\windows\vs2012\puttytel\release\ldiscucs.obj
c:\users\joshd\source\repos\sputty\windows\vs2012\puttytel\release\logging.obj
c:\users\joshd\source\repos\sputty\windows\vs2012\puttytel\release\minibidi.obj
c:\users\joshd\source\repos\sputty\windows\vs2012\puttytel\release\misc.obj
c:\users\joshd\source\repos\sputty\windows\vs2012\puttytel\release\miscucs.obj
c:\users\joshd\source\repos\sputty\windows\vs2012\puttytel\release\nocproxy.obj
c:\users\joshd\source\repos\sputty\windows\vs2012\puttytel\release\nogss.obj
c:\users\joshd\source\repos\sputty\windows\vs2012\puttytel\release\pinger.obj
c:\users\joshd\source\repos\sputty\windows\vs2012\puttytel\release\proxy.obj
c:\users\joshd\source\repos\sputty\windows\vs2012\puttytel\release\raw.obj
c:\users\joshd\source\repos\sputty\windows\vs2012\puttytel\release\rlogin.obj
c:\users\joshd\source\repos\sputty\windows\vs2012\puttytel\release\sercfg.obj
c:\users\joshd\source\repos\sputty\windows\vs2012\puttytel\release\settings.obj
c:\users\joshd\source\repos\sputty\windows\vs2012\puttytel\release\sizetip.obj
c:\users\joshd\source\repos\sputty\windows\vs2012\puttytel\release\supdup.obj
c:\users\joshd\source\repos\sputty\windows\vs2012\puttytel\release\telnet.obj
c:\users\joshd\source\repos\sputty\windows\vs2012\puttytel\release\terminal.obj
c:\users\joshd\source\repos\sputty\windows\vs2012\puttytel\release\timing.obj
c:\users\joshd\source\repos\sputty\windows\vs2012\puttytel\release\tree234.obj
c:\users\joshd\source\repos\sputty\windows\vs2012\puttytel\release\version.obj
c:\users\joshd\source\repos\sputty\windows\vs2012\puttytel\release\wcwidth.obj
c:\users\joshd\source\repos\sputty\windows\vs2012\puttytel\release\wincfg.obj
c:\users\joshd\source\repos\sputty\windows\vs2012\puttytel\release\winctrls.obj
c:\users\joshd\source\repos\sputty\windows\vs2012\puttytel\release\windefs.obj
c:\users\joshd\source\repos\sputty\windows\vs2012\puttytel\release\windlg.obj
c:\users\joshd\source\repos\sputty\windows\vs2012\puttytel\release\window.obj
c:\users\joshd\source\repos\sputty\windows\vs2012\puttytel\release\winhandl.obj
c:\users\joshd\source\repos\sputty\windows\vs2012\puttytel\release\winhelp.obj
c:\users\joshd\source\repos\sputty\windows\vs2012\puttytel\release\winhsock.obj
c:\users\joshd\source\repos\sputty\windows\vs2012\puttytel\release\winjump.obj
c:\users\joshd\source\repos\sputty\windows\vs2012\puttytel\release\winmisc.obj
c:\users\joshd\source\repos\sputty\windows\vs2012\puttytel\release\winnet.obj
c:\users\joshd\source\repos\sputty\windows\vs2012\puttytel\release\winprint.obj
c:\users\joshd\source\repos\sputty\windows\vs2012\puttytel\release\winproxy.obj
c:\users\joshd\source\repos\sputty\windows\vs2012\puttytel\release\winser.obj
c:\users\joshd\source\repos\sputty\windows\vs2012\puttytel\release\winstore.obj
c:\users\joshd\source\repos\sputty\windows\vs2012\puttytel\release\wintime.obj
c:\users\joshd\source\repos\sputty\windows\vs2012\puttytel\release\winucs.obj
c:\users\joshd\source\repos\sputty\windows\vs2012\puttytel\release\winutils.obj
c:\users\joshd\source\repos\sputty\windows\vs2012\puttytel\release\puttytel.res
c:\users\joshd\source\repos\sputty\windows\vs2012\puttytel\release\puttytel.pdb
c:\users\joshd\source\repos\sputty\windows\vs2012\puttytel\release\vc140.pdb
c:\users\joshd\source\repos\sputty\windows\vs2012\puttytel\.\release\puttytel.exe
c:\users\joshd\source\repos\sputty\windows\vs2012\puttytel\release\puttytel.tlog\cl.command.1.tlog
c:\users\joshd\source\repos\sputty\windows\vs2012\puttytel\release\puttytel.tlog\cl.read.1.tlog
c:\users\joshd\source\repos\sputty\windows\vs2012\puttytel\release\puttytel.tlog\cl.write.1.tlog
c:\users\joshd\source\repos\sputty\windows\vs2012\puttytel\release\puttytel.tlog\link.command.1.tlog
c:\users\joshd\source\repos\sputty\windows\vs2012\puttytel\release\puttytel.tlog\link.read.1.tlog
c:\users\joshd\source\repos\sputty\windows\vs2012\puttytel\release\puttytel.tlog\link.write.1.tlog
c:\users\joshd\source\repos\sputty\windows\vs2012\puttytel\release\puttytel.tlog\rc.command.1.tlog
c:\users\joshd\source\repos\sputty\windows\vs2012\puttytel\release\puttytel.tlog\rc.read.1.tlog
c:\users\joshd\source\repos\sputty\windows\vs2012\puttytel\release\puttytel.tlog\rc.write.1.tlog
