c:\users\t-joshd\source\repos\sputty\windows\vs2012\pageant\release\vc140.pdb
c:\users\t-joshd\source\repos\sputty\windows\vs2012\pageant\release\winutils.obj
c:\users\t-joshd\source\repos\sputty\windows\vs2012\pageant\release\winsecur.obj
c:\users\t-joshd\source\repos\sputty\windows\vs2012\pageant\release\winpgntc.obj
c:\users\t-joshd\source\repos\sputty\windows\vs2012\pageant\release\winpgnt.obj
c:\users\t-joshd\source\repos\sputty\windows\vs2012\pageant\release\winmisc.obj
c:\users\t-joshd\source\repos\sputty\windows\vs2012\pageant\release\winhelp.obj
c:\users\t-joshd\source\repos\sputty\windows\vs2012\pageant\release\version.obj
c:\users\t-joshd\source\repos\sputty\windows\vs2012\pageant\release\tree234.obj
c:\users\t-joshd\source\repos\sputty\windows\vs2012\pageant\release\sshsha.obj
c:\users\t-joshd\source\repos\sputty\windows\vs2012\pageant\release\sshsh512.obj
c:\users\t-joshd\source\repos\sputty\windows\vs2012\pageant\release\sshsh256.obj
c:\users\t-joshd\source\repos\sputty\windows\vs2012\pageant\release\sshrsa.obj
c:\users\t-joshd\source\repos\sputty\windows\vs2012\pageant\release\sshpubk.obj
c:\users\t-joshd\source\repos\sputty\windows\vs2012\pageant\release\sshmd5.obj
c:\users\t-joshd\source\repos\sputty\windows\vs2012\pageant\release\sshdss.obj
c:\users\t-joshd\source\repos\sputty\windows\vs2012\pageant\release\sshdes.obj
c:\users\t-joshd\source\repos\sputty\windows\vs2012\pageant\release\sshbn.obj
c:\users\t-joshd\source\repos\sputty\windows\vs2012\pageant\release\sshaes.obj
c:\users\t-joshd\source\repos\sputty\windows\vs2012\pageant\release\misc.obj
c:\users\t-joshd\source\repos\sputty\windows\vs2012\pageant\release\conf.obj
c:\users\t-joshd\source\repos\sputty\windows\vs2012\pageant\release\pageant.exe
c:\users\t-joshd\source\repos\sputty\windows\vs2012\pageant\release\pageant.pdb
c:\users\t-joshd\source\repos\sputty\windows\vs2012\pageant\release\pageant.res
c:\users\joshd\source\repos\sputty\windows\vs2012\pageant\release\conf.obj
c:\users\joshd\source\repos\sputty\windows\vs2012\pageant\release\misc.obj
c:\users\joshd\source\repos\sputty\windows\vs2012\pageant\release\sshaes.obj
c:\users\joshd\source\repos\sputty\windows\vs2012\pageant\release\sshbn.obj
c:\users\joshd\source\repos\sputty\windows\vs2012\pageant\release\sshdes.obj
c:\users\joshd\source\repos\sputty\windows\vs2012\pageant\release\sshdss.obj
c:\users\joshd\source\repos\sputty\windows\vs2012\pageant\release\sshmd5.obj
c:\users\joshd\source\repos\sputty\windows\vs2012\pageant\release\sshpubk.obj
c:\users\joshd\source\repos\sputty\windows\vs2012\pageant\release\sshrsa.obj
c:\users\joshd\source\repos\sputty\windows\vs2012\pageant\release\sshsh256.obj
c:\users\joshd\source\repos\sputty\windows\vs2012\pageant\release\sshsh512.obj
c:\users\joshd\source\repos\sputty\windows\vs2012\pageant\release\sshsha.obj
c:\users\joshd\source\repos\sputty\windows\vs2012\pageant\release\tree234.obj
c:\users\joshd\source\repos\sputty\windows\vs2012\pageant\release\version.obj
c:\users\joshd\source\repos\sputty\windows\vs2012\pageant\release\winhelp.obj
c:\users\joshd\source\repos\sputty\windows\vs2012\pageant\release\winmisc.obj
c:\users\joshd\source\repos\sputty\windows\vs2012\pageant\release\winpgnt.obj
c:\users\joshd\source\repos\sputty\windows\vs2012\pageant\release\winpgntc.obj
c:\users\joshd\source\repos\sputty\windows\vs2012\pageant\release\winsecur.obj
c:\users\joshd\source\repos\sputty\windows\vs2012\pageant\release\winutils.obj
c:\users\joshd\source\repos\sputty\windows\vs2012\pageant\release\pageant.res
c:\users\joshd\source\repos\sputty\windows\vs2012\pageant\release\pageant.pdb
c:\users\joshd\source\repos\sputty\windows\vs2012\pageant\release\vc140.pdb
c:\users\joshd\source\repos\sputty\windows\vs2012\pageant\.\release\pageant.exe
c:\users\joshd\source\repos\sputty\windows\vs2012\pageant\release\pageant.tlog\cl.command.1.tlog
c:\users\joshd\source\repos\sputty\windows\vs2012\pageant\release\pageant.tlog\cl.read.1.tlog
c:\users\joshd\source\repos\sputty\windows\vs2012\pageant\release\pageant.tlog\cl.write.1.tlog
c:\users\joshd\source\repos\sputty\windows\vs2012\pageant\release\pageant.tlog\link.command.1.tlog
c:\users\joshd\source\repos\sputty\windows\vs2012\pageant\release\pageant.tlog\link.read.1.tlog
c:\users\joshd\source\repos\sputty\windows\vs2012\pageant\release\pageant.tlog\link.write.1.tlog
c:\users\joshd\source\repos\sputty\windows\vs2012\pageant\release\pageant.tlog\rc.command.1.tlog
c:\users\joshd\source\repos\sputty\windows\vs2012\pageant\release\pageant.tlog\rc.read.1.tlog
c:\users\joshd\source\repos\sputty\windows\vs2012\pageant\release\pageant.tlog\rc.write.1.tlog
