c:\users\t-joshd\source\repos\sputty\windows\vs2012\puttygen\release\vc140.pdb
c:\users\t-joshd\source\repos\sputty\windows\vs2012\puttygen\release\version.obj
c:\users\t-joshd\source\repos\sputty\windows\vs2012\puttygen\release\tree234.obj
c:\users\t-joshd\source\repos\sputty\windows\vs2012\puttygen\release\sshsha.obj
c:\users\t-joshd\source\repos\sputty\windows\vs2012\puttygen\release\sshsh512.obj
c:\users\t-joshd\source\repos\sputty\windows\vs2012\puttygen\release\sshsh256.obj
c:\users\t-joshd\source\repos\sputty\windows\vs2012\puttygen\release\sshrsag.obj
c:\users\t-joshd\source\repos\sputty\windows\vs2012\puttygen\release\sshrsa.obj
c:\users\t-joshd\source\repos\sputty\windows\vs2012\puttygen\release\sshrand.obj
c:\users\t-joshd\source\repos\sputty\windows\vs2012\puttygen\release\sshpubk.obj
c:\users\t-joshd\source\repos\sputty\windows\vs2012\puttygen\release\sshprime.obj
c:\users\t-joshd\source\repos\sputty\windows\vs2012\puttygen\release\sshmd5.obj
c:\users\t-joshd\source\repos\sputty\windows\vs2012\puttygen\release\sshdssg.obj
c:\users\t-joshd\source\repos\sputty\windows\vs2012\puttygen\release\sshdss.obj
c:\users\t-joshd\source\repos\sputty\windows\vs2012\puttygen\release\sshdes.obj
c:\users\t-joshd\source\repos\sputty\windows\vs2012\puttygen\release\sshbn.obj
c:\users\t-joshd\source\repos\sputty\windows\vs2012\puttygen\release\sshaes.obj
c:\users\t-joshd\source\repos\sputty\windows\vs2012\puttygen\release\notiming.obj
c:\users\t-joshd\source\repos\sputty\windows\vs2012\puttygen\release\misc.obj
c:\users\t-joshd\source\repos\sputty\windows\vs2012\puttygen\release\import.obj
c:\users\t-joshd\source\repos\sputty\windows\vs2012\puttygen\release\conf.obj
c:\users\t-joshd\source\repos\sputty\windows\vs2012\puttygen\release\winutils.obj
c:\users\t-joshd\source\repos\sputty\windows\vs2012\puttygen\release\wintime.obj
c:\users\t-joshd\source\repos\sputty\windows\vs2012\puttygen\release\winstore.obj
c:\users\t-joshd\source\repos\sputty\windows\vs2012\puttygen\release\winpgen.obj
c:\users\t-joshd\source\repos\sputty\windows\vs2012\puttygen\release\winnojmp.obj
c:\users\t-joshd\source\repos\sputty\windows\vs2012\puttygen\release\winnoise.obj
c:\users\t-joshd\source\repos\sputty\windows\vs2012\puttygen\release\winmisc.obj
c:\users\t-joshd\source\repos\sputty\windows\vs2012\puttygen\release\winhelp.obj
c:\users\t-joshd\source\repos\sputty\windows\vs2012\puttygen\release\winctrls.obj
c:\users\t-joshd\source\repos\sputty\windows\vs2012\puttygen\release\puttygen.exe
c:\users\t-joshd\source\repos\sputty\windows\vs2012\puttygen\release\puttygen.pdb
c:\users\t-joshd\source\repos\sputty\windows\vs2012\puttygen\release\puttygen.res
c:\users\joshd\source\repos\sputty\windows\vs2012\puttygen\release\conf.obj
c:\users\joshd\source\repos\sputty\windows\vs2012\puttygen\release\import.obj
c:\users\joshd\source\repos\sputty\windows\vs2012\puttygen\release\misc.obj
c:\users\joshd\source\repos\sputty\windows\vs2012\puttygen\release\notiming.obj
c:\users\joshd\source\repos\sputty\windows\vs2012\puttygen\release\sshaes.obj
c:\users\joshd\source\repos\sputty\windows\vs2012\puttygen\release\sshbn.obj
c:\users\joshd\source\repos\sputty\windows\vs2012\puttygen\release\sshdes.obj
c:\users\joshd\source\repos\sputty\windows\vs2012\puttygen\release\sshdss.obj
c:\users\joshd\source\repos\sputty\windows\vs2012\puttygen\release\sshdssg.obj
c:\users\joshd\source\repos\sputty\windows\vs2012\puttygen\release\sshmd5.obj
c:\users\joshd\source\repos\sputty\windows\vs2012\puttygen\release\sshprime.obj
c:\users\joshd\source\repos\sputty\windows\vs2012\puttygen\release\sshpubk.obj
c:\users\joshd\source\repos\sputty\windows\vs2012\puttygen\release\sshrand.obj
c:\users\joshd\source\repos\sputty\windows\vs2012\puttygen\release\sshrsa.obj
c:\users\joshd\source\repos\sputty\windows\vs2012\puttygen\release\sshrsag.obj
c:\users\joshd\source\repos\sputty\windows\vs2012\puttygen\release\sshsh256.obj
c:\users\joshd\source\repos\sputty\windows\vs2012\puttygen\release\sshsh512.obj
c:\users\joshd\source\repos\sputty\windows\vs2012\puttygen\release\sshsha.obj
c:\users\joshd\source\repos\sputty\windows\vs2012\puttygen\release\tree234.obj
c:\users\joshd\source\repos\sputty\windows\vs2012\puttygen\release\version.obj
c:\users\joshd\source\repos\sputty\windows\vs2012\puttygen\release\winctrls.obj
c:\users\joshd\source\repos\sputty\windows\vs2012\puttygen\release\winhelp.obj
c:\users\joshd\source\repos\sputty\windows\vs2012\puttygen\release\winmisc.obj
c:\users\joshd\source\repos\sputty\windows\vs2012\puttygen\release\winnoise.obj
c:\users\joshd\source\repos\sputty\windows\vs2012\puttygen\release\winnojmp.obj
c:\users\joshd\source\repos\sputty\windows\vs2012\puttygen\release\winpgen.obj
c:\users\joshd\source\repos\sputty\windows\vs2012\puttygen\release\winstore.obj
c:\users\joshd\source\repos\sputty\windows\vs2012\puttygen\release\wintime.obj
c:\users\joshd\source\repos\sputty\windows\vs2012\puttygen\release\winutils.obj
c:\users\joshd\source\repos\sputty\windows\vs2012\puttygen\release\puttygen.res
c:\users\joshd\source\repos\sputty\windows\vs2012\puttygen\release\puttygen.pdb
c:\users\joshd\source\repos\sputty\windows\vs2012\puttygen\release\vc140.pdb
c:\users\joshd\source\repos\sputty\windows\vs2012\puttygen\.\release\puttygen.exe
c:\users\joshd\source\repos\sputty\windows\vs2012\puttygen\release\puttygen.tlog\cl.command.1.tlog
c:\users\joshd\source\repos\sputty\windows\vs2012\puttygen\release\puttygen.tlog\cl.read.1.tlog
c:\users\joshd\source\repos\sputty\windows\vs2012\puttygen\release\puttygen.tlog\cl.write.1.tlog
c:\users\joshd\source\repos\sputty\windows\vs2012\puttygen\release\puttygen.tlog\link.command.1.tlog
c:\users\joshd\source\repos\sputty\windows\vs2012\puttygen\release\puttygen.tlog\link.read.1.tlog
c:\users\joshd\source\repos\sputty\windows\vs2012\puttygen\release\puttygen.tlog\link.write.1.tlog
c:\users\joshd\source\repos\sputty\windows\vs2012\puttygen\release\puttygen.tlog\rc.command.1.tlog
c:\users\joshd\source\repos\sputty\windows\vs2012\puttygen\release\puttygen.tlog\rc.read.1.tlog
c:\users\joshd\source\repos\sputty\windows\vs2012\puttygen\release\puttygen.tlog\rc.write.1.tlog
